21204512 pts/7        Sun Oct 13 22:15   still logged in    88-180-122-205.subs.proxad.net
28710554 pts/7        Sun Oct 13 21:54 - 22:03  (00:08)     88-164-225-116.subs.proxad.net
28510854 pts/9        Sun Oct 13 21:06   still logged in    cri75-3-78-192-79-75.fbxo.proxad.net
21417011 pts/2        Sun Oct 13 20:52   still logged in    209.199.67.86.rev.sfr.net
21401550 pts/8        Sun Oct 13 20:05   still logged in    37.169.135.153
28603668 pts/8        Sun Oct 13 19:41 - 19:42  (00:00)     anancy-651-1-77-74.w90-40.abo.wanadoo.fr
28510854 pts/7        Sun Oct 13 19:41 - 21:43  (02:01)     cri75-3-78-192-79-75.fbxo.proxad.net
21421590 pts/10       Sun Oct 13 19:26 - 19:37  (00:11)     vil93-2_migr-82-66-223-99.fbx.proxad.net
21204512 pts/2        Sun Oct 13 19:25 - 20:21  (00:55)     88-180-122-205.subs.proxad.net
3705201  pts/2        Sun Oct 13 18:45 - 18:47  (00:02)     176-139-145-170.abo.bbox.fr
3705201  pts/10       Sun Oct 13 18:12 - 18:28  (00:15)     176-139-145-170.abo.bbox.fr
21401550 pts/4        Sun Oct 13 17:59 - 22:15  (04:16)     37.171.104.77
21401550 pts/12       Sun Oct 13 17:49 - 17:58  (00:09)     37.171.104.77
21401550 pts/12       Sun Oct 13 17:47 - 17:48  (00:01)     37.171.104.77
21301629 pts/11       Sun Oct 13 17:46 - 18:00  (00:13)     cust-east-par-46-193-66-120.cust.wifirst.net
21306447 pts/10       Sun Oct 13 17:42 - 18:09  (00:26)     91-170-1-254.subs.proxad.net
21401550 pts/5        Sun Oct 13 17:39 - 22:16  (04:37)     37.171.104.77
21205158 pts/4        Sun Oct 13 17:37 - 17:53  (00:15)     lfbn-idf1-1-1998-251.w90-127.abo.wanadoo.fr
21306447 pts/4        Sun Oct 13 17:14 - 17:17  (00:03)     91-170-1-254.subs.proxad.net
21306447 pts/11       Sun Oct 13 17:09 - 17:13  (00:03)     ppti-14-406-07.ufr-info-p6.jussieu.fr
21301495 pts/10       Sun Oct 13 17:08 - 17:12  (00:03)     aaubervilliers-655-1-93-36.w86-218.abo.wanadoo.fr
28600768 pts/4        Sun Oct 13 17:05 - 17:12  (00:06)     28.133.22.93.rev.sfr.net
21212532 pts/10       Sun Oct 13 16:30 - 16:33  (00:02)     91-169-220-194.subs.proxad.net
21301629 pts/13       Sun Oct 13 16:04 - 18:40  (02:35)     cust-east-par-46-193-66-120.cust.wifirst.net
21301629 pts/13       Sun Oct 13 15:58 - 16:02  (00:03)     cust-east-par-46-193-66-120.cust.wifirst.net
21301629 pts/10       Sun Oct 13 15:48 - 16:19  (00:30)     cust-east-par-46-193-66-120.cust.wifirst.net
21306447 pts/5        Sun Oct 13 15:26 - 17:13  (01:46)     91-170-1-254.subs.proxad.net
root     pts/4        Sun Oct 13 15:24 - 17:01  (01:36)     teh91-1-78-193-14-190.fbxo.proxad.net
21306447 pts/4        Sun Oct 13 15:14 - 15:16  (00:01)     91-170-1-254.subs.proxad.net
28710554 pts/4        Sun Oct 13 15:02 - 15:07  (00:05)     lfbn-idf2-1-111-184.w83-202.abo.wanadoo.fr
28710554 pts/4        Sun Oct 13 14:52 - 15:01  (00:08)     lfbn-idf2-1-111-184.w83-202.abo.wanadoo.fr
21211166 pts/2        Sun Oct 13 14:26 - 18:44  (04:17)     212.222.31.241
21306447 pts/13       Sun Oct 13 14:25 - 14:49  (00:23)     91-170-1-254.subs.proxad.net
21211166 pts/2        Sun Oct 13 14:25 - 14:26  (00:01)     212.222.31.241
21212532 pts/12       Sun Oct 13 14:01 - 16:13  (02:12)     91-169-220-194.subs.proxad.net
21212532 pts/12       Sun Oct 13 14:00 - 14:00  (00:00)     91-169-220-194.subs.proxad.net
21212532 pts/11       Sun Oct 13 13:46 - 16:04  (02:17)     91-169-220-194.subs.proxad.net
21212532 pts/10       Sun Oct 13 13:31 - 15:47  (02:16)     91-169-220-194.subs.proxad.net
21414767 pts/9        Sun Oct 13 13:16 - 19:37  (06:21)     bou91-3-78-193-59-30.fbxo.proxad.net
21414767 pts/8        Sun Oct 13 13:16 - 19:37  (06:21)     bou91-3-78-193-59-30.fbxo.proxad.net
21414767 pts/7        Sun Oct 13 13:13 - 19:37  (06:23)     bou91-3-78-193-59-30.fbxo.proxad.net
21414767 pts/13       Sun Oct 13 13:10 - 13:13  (00:03)     bou91-3-78-193-59-30.fbxo.proxad.net
21414767 pts/12       Sun Oct 13 13:10 - 13:13  (00:03)     bou91-3-78-193-59-30.fbxo.proxad.net
21414767 pts/8        Sun Oct 13 13:09 - 13:13  (00:03)     bou91-3-78-193-59-30.fbxo.proxad.net
21306447 pts/7        Sun Oct 13 12:54 - 13:11  (00:17)     91-170-1-254.subs.proxad.net
21306447 pts/7        Sun Oct 13 12:42 - 12:51  (00:09)     91-170-1-254.subs.proxad.net
21212532 pts/5        Sun Oct 13 12:32 - 14:45  (02:12)     91-169-220-194.subs.proxad.net
21306447 pts/5        Sun Oct 13 12:25 - 12:30  (00:04)     91-170-1-254.subs.proxad.net
21212532 pts/4        Sun Oct 13 12:09 - 14:28  (02:18)     91-169-220-194.subs.proxad.net
21212532 pts/2        Sun Oct 13 11:42 - 14:04  (02:21)     91-169-220-194.subs.proxad.net
21212532 pts/11       Sun Oct 13 11:24 - 13:44  (02:20)     91-169-220-194.subs.proxad.net
21212532 pts/10       Sun Oct 13 11:06 - 13:29  (02:22)     91-169-220-194.subs.proxad.net
21212532 pts/9        Sun Oct 13 10:52 - 13:12  (02:19)     91-169-220-194.subs.proxad.net
21212532 pts/8        Sun Oct 13 10:22 - 12:35  (02:13)     91-169-220-194.subs.proxad.net
21212532 pts/7        Sun Oct 13 10:08 - 12:22  (02:13)     91-169-220-194.subs.proxad.net
21212532 pts/5        Sun Oct 13 09:51 - 12:05  (02:13)     91-169-220-194.subs.proxad.net
21212532 pts/4        Sun Oct 13 09:28 - 11:49  (02:21)     91-169-220-194.subs.proxad.net
21212532 pts/2        Sun Oct 13 09:10 - 11:26  (02:16)     91-169-220-194.subs.proxad.net
21316380 pts/9        Sat Oct 12 23:20 - 23:22  (00:01)     176-169-155-131.abo.bbox.fr
21212532 pts/8        Sat Oct 12 22:32 - 00:45  (02:13)     91-169-220-194.subs.proxad.net
21212532 pts/7        Sat Oct 12 22:25 - 00:38  (02:12)     91-169-220-194.subs.proxad.net
21212532 pts/2        Sat Oct 12 22:25 - 00:38  (02:12)     91-169-220-194.subs.proxad.net
21212532 pts/5        Sat Oct 12 22:11 - 00:29  (02:17)     91-169-220-194.subs.proxad.net
21212532 pts/4        Sat Oct 12 21:58 - 00:10  (02:11)     91-169-220-194.subs.proxad.net
21301629 pts/4        Sat Oct 12 19:42 - 21:54  (02:12)     fw-pmc.sorbonne-universite.fr
21212532 pts/2        Sat Oct 12 19:19 - 22:25  (03:05)     91-169-220-194.subs.proxad.net
21301629 pts/11       Sat Oct 12 19:05 - 19:41  (00:35)     fw-pmc.sorbonne-universite.fr
21212532 pts/5        Sat Oct 12 18:57 - 21:13  (02:15)     91-169-220-194.subs.proxad.net
21212532 pts/5        Sat Oct 12 18:46 - 18:51  (00:04)     91-169-220-194.subs.proxad.net
21212532 pts/4        Sat Oct 12 18:36 - 19:19  (00:43)     91-169-220-194.subs.proxad.net
21301629 pts/2        Sat Oct 12 18:28 - 19:09  (00:40)     fw-pmc.sorbonne-universite.fr
21301629 pts/4        Sat Oct 12 18:22 - 18:28  (00:05)     fw-pmc.sorbonne-universite.fr
21301629 pts/11       Sat Oct 12 18:14 - 18:36  (00:21)     fw-pmc.sorbonne-universite.fr
21301629 pts/5        Sat Oct 12 18:06 - 18:29  (00:22)     fw-pmc.sorbonne-universite.fr
21110908 pts/12       Sat Oct 12 17:52 - 19:54  (02:01)     static-176-175-63-92.ftth.abo.bbox.fr
21301833 pts/12       Sat Oct 12 17:37 - 17:48  (00:11)     lfbn-idf3-1-797-112.w90-3.abo.wanadoo.fr
21301833 pts/11       Sat Oct 12 17:30 - 17:56  (00:26)     lfbn-idf3-1-797-112.w90-3.abo.wanadoo.fr
21417011 pts/10       Sat Oct 12 17:15 - 20:10  (02:54)     209.199.67.86.rev.sfr.net
21414767 pts/9        Sat Oct 12 16:27 - 20:36  (04:09)     bou91-3-78-193-59-30.fbxo.proxad.net
21414767 pts/8        Sat Oct 12 16:26 - 20:36  (04:10)     bou91-3-78-193-59-30.fbxo.proxad.net
21414767 pts/7        Sat Oct 12 16:24 - 20:36  (04:12)     bou91-3-78-193-59-30.fbxo.proxad.net
21301833 pts/5        Sat Oct 12 16:18 - 17:55  (01:37)     lfbn-idf3-1-797-112.w90-3.abo.wanadoo.fr
21400109 pts/4        Sat Oct 12 16:17 - 18:18  (02:01)     i16-lef01-ix2-212-195-255-44.ft.lns.abo.bbox.fr
21301629 pts/0        Sat Oct 12 16:15 - 17:10  (00:55)     fw-pmc.sorbonne-universite.fr
21106878 pts/0        Sat Oct 12 15:22 - 15:24  (00:02)     lfbn-idf2-1-1022-182.w86-238.abo.wanadoo.fr
21401438 pts/0        Sat Oct 12 14:23 - 15:09  (00:46)     cust-west-par-46-193-0-20.cust.wifirst.net
21213162 pts/4        Sat Oct 12 12:34 - 14:48  (02:14)     fw-pmc.sorbonne-universite.fr
21213162 pts/4        Sat Oct 12 12:27 - 12:32  (00:05)     fw-pmc.sorbonne-universite.fr
21202841 pts/2        Sat Oct 12 12:15 - 18:22  (06:07)     88-125-181-78.subs.proxad.net
28705521 pts/0        Sat Oct 12 11:37 - 12:55  (01:17)     87-91-26-116.abo.bbox.fr
28510854 pts/0        Sat Oct 12 09:22 - 09:46  (00:23)     cri75-3-78-192-79-75.fbxo.proxad.net
21316380 pts/0        Sat Oct 12 01:02 - 01:15  (00:12)     176-169-155-131.abo.bbox.fr
21316380 pts/0        Sat Oct 12 01:01 - 01:02  (00:01)     176-169-155-131.abo.bbox.fr
21316380 pts/0        Sat Oct 12 00:57 - 01:00  (00:03)     176-169-155-131.abo.bbox.fr
21316380 pts/0        Sat Oct 12 00:55 - 00:56  (00:01)     176-169-155-131.abo.bbox.fr
21316380 pts/0        Sat Oct 12 00:52 - 00:53  (00:00)     176-169-155-131.abo.bbox.fr
21316380 pts/0        Sat Oct 12 00:51 - 00:52  (00:00)     176-169-155-131.abo.bbox.fr
21316380 pts/0        Sat Oct 12 00:50 - 00:51  (00:00)     176-169-155-131.abo.bbox.fr
28510854 pts/4        Sat Oct 12 00:10 - 02:36  (02:26)     cri75-3-78-192-79-75.fbxo.proxad.net
28706508 pts/2        Sat Oct 12 00:02 - 02:27  (02:24)     88-178-52-205.subs.proxad.net
21110908 pts/0        Fri Oct 11 23:40 - 00:42  (01:02)     static-176-175-63-92.ftth.abo.bbox.fr
21316380 pts/0        Fri Oct 11 23:17 - 23:21  (00:03)     176-169-155-131.abo.bbox.fr
21306150 pts/2        Fri Oct 11 21:16 - 21:18  (00:01)     tarentule1.ufr-info-p6.jussieu.fr
21306150 pts/0        Fri Oct 11 20:59 - 21:18  (00:19)     80.214.73.75
21401550 pts/5        Fri Oct 11 17:36 - 18:00  (00:24)     cust-east-par-46-193-66-88.cust.wifirst.net
1013733  pts/10       Fri Oct 11 17:17 - 19:29  (02:12)     185.13.106.209
1013733  pts/9        Fri Oct 11 17:16 - 19:31  (02:15)     185.13.106.209
1013733  pts/7        Fri Oct 11 17:15 - 19:30  (02:15)     185.13.106.209
1013726  pts/5        Fri Oct 11 17:10 - 17:25  (00:14)     132.227.125.102
1013726  pts/5        Fri Oct 11 17:10 - 17:10  (00:00)     132.227.125.102
21303883 pts/7        Fri Oct 11 17:04 - 17:10  (00:06)     ppti-14-305-04.ufr-info-p6.jussieu.fr
1013733  pts/11       Fri Oct 11 17:02 - 19:15  (02:13)     185.13.106.209
1013733  pts/12       Fri Oct 11 17:01 - 17:26  (00:24)     185.13.106.209
21207559 pts/11       Fri Oct 11 17:01 - 17:02  (00:00)     ppti-14-305-18.ufr-info-p6.jussieu.fr
21207559 pts/10       Fri Oct 11 17:00 - 17:03  (00:02)     tarentule1.ufr-info-p6.jussieu.fr
1013726  pts/9        Fri Oct 11 16:59 - 17:08  (00:09)     132.227.125.102
21207559 pts/7        Fri Oct 11 16:59 - 17:03  (00:04)     ppti-14-305-18.ufr-info-p6.jussieu.fr
1013733  pts/8        Fri Oct 11 16:58 - 17:27  (00:29)     185.13.106.209
1013726  pts/7        Fri Oct 11 16:58 - 16:58  (00:00)     132.227.125.102
1013726  pts/7        Fri Oct 11 16:57 - 16:57  (00:00)     132.227.125.102
1013726  pts/5        Fri Oct 11 16:50 - 17:08  (00:18)     132.227.125.102
28602054 pts/7        Fri Oct 11 16:40 - 16:40  (00:00)     132.227.125.70
1013726  pts/5        Fri Oct 11 16:36 - 16:40  (00:04)     132.227.125.102
21404944 pts/5        Fri Oct 11 16:16 - 16:18  (00:01)     antalya.ufr-info-p6.jussieu.fr
1013733  pts/4        Fri Oct 11 15:41 - 18:12  (02:30)     185.13.106.209
1013733  pts/2        Fri Oct 11 15:39 - 18:12  (02:32)     185.13.106.209
1013733  pts/0        Fri Oct 11 15:37 - 18:14  (02:36)     185.13.106.209
21305721 pts/0        Fri Oct 11 15:27 - 15:30  (00:02)     ppti-14-305-05.ufr-info-p6.jussieu.fr
21112838 pts/0        Fri Oct 11 14:09 - 14:10  (00:01)     126.249.133.77.rev.sfr.net
21401426 pts/0        Fri Oct 11 13:52 - 13:56  (00:03)     ppti-24-301-21.ufr-info-p6.jussieu.fr
21213429 pts/0        Fri Oct 11 13:45 - 13:47  (00:02)     ppti-14-403-10.ufr-info-p6.jussieu.fr
21106783 pts/0        Thu Oct 10 23:54 - 23:57  (00:02)     cust-west-par-46-193-4-204.cust.wifirst.net
21205158 pts/2        Thu Oct 10 22:07 - 22:09  (00:02)     lfbn-idf1-1-1998-251.w90-127.abo.wanadoo.fr
21415515 pts/5        Thu Oct 10 20:59 - 21:02  (00:03)     i19-les02-ntr-176-186-172-219.sfr.lns.abo.bbox.fr
21415515 pts/4        Thu Oct 10 20:32 - 21:02  (00:30)     i19-les02-ntr-176-186-172-219.sfr.lns.abo.bbox.fr
21415515 pts/2        Thu Oct 10 20:17 - 21:02  (00:45)     i19-les02-ntr-176-186-172-219.sfr.lns.abo.bbox.fr
21320115 pts/0        Thu Oct 10 20:13 - 23:01  (02:48)     231.55.125.78.rev.sfr.net
21304585 pts/2        Thu Oct 10 19:58 - 20:01  (00:02)     80.215.38.213
28606347 pts/0        Thu Oct 10 19:51 - 20:08  (00:16)     lfbn-idf1-1-1480-11.w90-90.abo.wanadoo.fr
21112838 pts/0        Thu Oct 10 19:45 - 19:51  (00:06)     cust-west-par-46-193-5-229.cust.wifirst.net
21306028 pts/2        Thu Oct 10 19:06 - 19:07  (00:00)     114.58.65.37.rev.sfr.net
21306028 pts/2        Thu Oct 10 19:05 - 19:05  (00:00)     114.58.65.37.rev.sfr.net
grenard  pts/0        Thu Oct 10 18:52 - 19:43  (00:51)     134.157.247.244
28705521 pts/2        Thu Oct 10 18:38 - 18:50  (00:11)     fw-pmc.sorbonne-universite.fr
21416339 pts/2        Thu Oct 10 17:53 - 17:56  (00:02)     fw-pmc.sorbonne-universite.fr
28705521 pts/13       Thu Oct 10 17:38 - 18:16  (00:37)     fw-pmc.sorbonne-universite.fr
21305375 pts/20       Thu Oct 10 17:17 - 17:18  (00:00)     aud33-1_migr-78-243-160-192.fbx.proxad.net
21306447 pts/13       Thu Oct 10 17:16 - 17:19  (00:02)     fw-pmc.sorbonne-universite.fr
28705521 pts/15       Thu Oct 10 17:16 - 18:16  (01:00)     fw-pmc.sorbonne-universite.fr
21418441 pts/14       Thu Oct 10 17:14 - 19:29  (02:15)     80.215.195.64
21416339 pts/13       Thu Oct 10 17:09 - 17:16  (00:06)     cre26-2_xxx-78-242-119-196.fbx.proxad.net
21416339 pts/13       Thu Oct 10 17:05 - 17:06  (00:00)     cre26-2_xxx-78-242-119-196.fbx.proxad.net
21416339 pts/13       Thu Oct 10 17:04 - 17:05  (00:00)     fw-pmc.sorbonne-universite.fr
28710097 pts/12       Thu Oct 10 16:53 - 18:56  (02:03)     i19-lef01-t2-89-85-248-224.ft.lns.abo.bbox.fr
28710097 pts/11       Thu Oct 10 16:52 - 18:53  (02:01)     i19-lef01-t2-89-85-248-224.ft.lns.abo.bbox.fr
28710097 pts/5        Thu Oct 10 16:41 - 18:44  (02:03)     i19-lef01-t2-89-85-248-224.ft.lns.abo.bbox.fr
28710097 pts/0        Thu Oct 10 16:37 - 18:47  (02:10)     i19-lef01-t2-89-85-248-224.ft.lns.abo.bbox.fr
28710097 pts/5        Thu Oct 10 16:32 - 16:37  (00:05)     i19-lef01-t2-89-85-248-224.ft.lns.abo.bbox.fr
28602815 pts/10       Thu Oct 10 16:12 - 17:44  (01:31)     fw-pmc.sorbonne-universite.fr
21305800 pts/9        Thu Oct 10 16:12 - 17:43  (01:30)     fw-pmc.sorbonne-universite.fr
21313000 pts/4        Thu Oct 10 16:07 - 18:21  (02:13)     fw-pmc.sorbonne-universite.fr
28602815 pts/0        Thu Oct 10 16:06 - 16:36  (00:30)     fw-pmc.sorbonne-universite.fr
28714617 pts/2        Thu Oct 10 16:03 - 17:45  (01:41)     fw-pmc.sorbonne-universite.fr
28717281 pts/0        Thu Oct 10 16:02 - 16:05  (00:02)     176-140-208-74.abo.bbox.fr
21320115 pts/7        Thu Oct 10 15:55 - 17:45  (01:49)     fw-pmc.sorbonne-universite.fr
28510854 pts/5        Thu Oct 10 15:50 - 16:22  (00:31)     fw-pmc.sorbonne-universite.fr
21301088 pts/7        Thu Oct 10 15:38 - 15:43  (00:04)     ppti-24-302-14.ufr-info-p6.jussieu.fr
1013733  pts/0        Thu Oct 10 15:16 - 15:57  (00:41)     cust-east-par-46-193-67-113.cust.wifirst.net
grenard  pts/8        Thu Oct 10 15:12 - 18:25  (03:12)     176-179-22-117.abo.bbox.fr
1013733  pts/4        Thu Oct 10 14:52 - 15:58  (01:05)     cust-east-par-46-193-67-113.cust.wifirst.net
1013733  pts/2        Thu Oct 10 14:51 - 15:57  (01:06)     cust-east-par-46-193-67-113.cust.wifirst.net
1013733  pts/0        Thu Oct 10 14:49 - 15:15  (00:26)     cust-east-par-46-193-67-113.cust.wifirst.net
28714617 pts/9        Thu Oct 10 14:25 - 14:38  (00:13)     fw-pmc.sorbonne-universite.fr
21418441 pts/7        Thu Oct 10 14:21 - 15:28  (01:07)     fw-pmc.sorbonne-universite.fr
21231339 pts/8        Thu Oct 10 14:01 - 14:34  (00:32)     ppti-24-302-05.ufr-info-p6.jussieu.fr
21207300 pts/7        Thu Oct 10 13:56 - 14:05  (00:08)     fw-pmc.sorbonne-universite.fr
21207300 pts/7        Thu Oct 10 13:53 - 13:56  (00:02)     fw-pmc.sorbonne-universite.fr
21207300 pts/7        Thu Oct 10 13:52 - 13:53  (00:00)     fw-pmc.sorbonne-universite.fr
28510854 pts/5        Thu Oct 10 13:32 - 15:47  (02:14)     37-174-34-157.coucou-networks.fr
1013733  pts/4        Thu Oct 10 12:41 - 14:47  (02:06)     cust-east-par-46-193-67-113.cust.wifirst.net
1013733  pts/2        Thu Oct 10 12:39 - 14:47  (02:08)     cust-east-par-46-193-67-113.cust.wifirst.net
1013733  pts/0        Thu Oct 10 12:37 - 14:48  (02:10)     cust-east-par-46-193-67-113.cust.wifirst.net
grenard  pts/2        Thu Oct 10 12:09 - 12:33  (00:23)     176-179-22-117.abo.bbox.fr
grenard  pts/0        Thu Oct 10 11:58 - 12:25  (00:26)     176-179-22-117.abo.bbox.fr
21424424 pts/0        Thu Oct 10 11:43 - 11:54  (00:11)     91-173-61-180.subs.proxad.net
21216136 pts/0        Thu Oct 10 10:53 - 10:53  (00:00)     193.67.136.77.rev.sfr.net
21401438 pts/0        Thu Oct 10 10:20 - 10:38  (00:18)     cust-west-par-46-193-0-20.cust.wifirst.net
21302388 pts/0        Wed Oct  9 22:54 - 22:59  (00:05)     anantes-651-1-157-187.w90-25.abo.wanadoo.fr
21205158 pts/5        Wed Oct  9 22:18 - 22:31  (00:12)     lfbn-idf1-1-1998-251.w90-127.abo.wanadoo.fr
28602054 pts/0        Wed Oct  9 22:07 - 22:50  (00:43)     fer91-4_migr-78-199-216-192.fbx.proxad.net
21109103 pts/4        Wed Oct  9 20:18 - 22:38  (02:19)     171.148.22.93.rev.sfr.net
grenard  pts/2        Wed Oct  9 19:30 - 02:51  (07:20)     176-179-22-117.abo.bbox.fr
21107422 pts/8        Wed Oct  9 19:25 - 21:37  (02:12)     cou63-h01-176-190-191-186.dsl.sta.abo.bbox.fr
21405165 pts/7        Wed Oct  9 19:11 - 19:32  (00:20)     172.23.18.236
21405165 pts/7        Wed Oct  9 19:09 - 19:10  (00:01)     172.23.18.236
28725256 pts/5        Wed Oct  9 18:35 - 20:04  (01:28)     ppti-14-305-07.ufr-info-p6.jussieu.fr
21109103 pts/0        Wed Oct  9 18:21 - 21:23  (03:01)     171.148.22.93.rev.sfr.net
21400068 pts/7        Wed Oct  9 16:36 - 16:37  (00:00)     80-214-25-55.abo.bbox.fr
21400068 pts/7        Wed Oct  9 16:34 - 16:36  (00:02)     80-214-25-55.abo.bbox.fr
21417011 pts/9        Wed Oct  9 16:33 - 16:33  (00:00)     143.66.136.77.rev.sfr.net
21400068 pts/7        Wed Oct  9 16:32 - 16:33  (00:01)     80-214-25-55.abo.bbox.fr
21400068 pts/7        Wed Oct  9 16:32 - 16:32  (00:00)     80-214-25-55.abo.bbox.fr
21417011 pts/7        Wed Oct  9 16:30 - 16:31  (00:00)     fw-pmc.sorbonne-universite.fr
21400068 pts/9        Wed Oct  9 16:29 - 16:31  (00:02)     fw-pmc.sorbonne-universite.fr
21400068 pts/9        Wed Oct  9 16:29 - 16:29  (00:00)     fw-pmc.sorbonne-universite.fr
1013733  pts/8        Wed Oct  9 16:25 - 17:30  (01:04)     163.173.91.229
1013733  pts/5        Wed Oct  9 16:24 - 17:30  (01:05)     163.173.91.229
1013733  pts/0        Wed Oct  9 16:20 - 17:27  (01:06)     163.173.91.229
1013733  pts/10       Wed Oct  9 15:21 - 16:18  (00:56)     163.173.91.229
1013733  pts/8        Wed Oct  9 15:20 - 16:18  (00:57)     163.173.91.229
thai     pts/2        Wed Oct  9 15:14 - 19:27  (04:13)     88-187-49-143.subs.proxad.net
1013733  pts/9        Wed Oct  9 14:08 - 16:22  (02:13)     163.173.91.229
1013733  pts/5        Wed Oct  9 14:06 - 16:18  (02:11)     163.173.91.229
thai     pts/8        Wed Oct  9 14:05 - 14:46  (00:41)     88-187-49-143.subs.proxad.net
1013733  pts/7        Wed Oct  9 14:03 - 16:29  (02:25)     163.173.91.229
thai     pts/2        Wed Oct  9 13:59 - 14:46  (00:46)     88-187-49-143.subs.proxad.net
28510854 pts/0        Wed Oct  9 13:50 - 16:02  (02:11)     enn63-1_migr-78-245-164-32.fbx.proxad.net
28510854 pts/2        Wed Oct  9 13:30 - 13:32  (00:01)     fw-pmc.sorbonne-universite.fr
1013725  pts/2        Wed Oct  9 12:20 - 12:36  (00:15)     i19-lef01-t2-89-85-251-72.ft.lns.abo.bbox.fr
1013725  pts/2        Wed Oct  9 12:04 - 12:09  (00:05)     i19-lef01-t2-89-85-251-72.ft.lns.abo.bbox.fr
1013725  pts/2        Wed Oct  9 12:01 - 12:04  (00:02)     i19-lef01-t2-89-85-251-72.ft.lns.abo.bbox.fr
1013725  pts/2        Wed Oct  9 11:59 - 12:00  (00:01)     i19-lef01-t2-89-85-251-72.ft.lns.abo.bbox.fr
1013725  pts/2        Wed Oct  9 11:58 - 11:58  (00:00)     i19-lef01-t2-89-85-251-72.ft.lns.abo.bbox.fr
1013725  pts/2        Wed Oct  9 11:55 - 11:56  (00:01)     i19-lef01-t2-89-85-251-72.ft.lns.abo.bbox.fr
28510854 pts/5        Wed Oct  9 11:53 - 14:06  (02:12)     blm93-6_xxx-78-245-172-44.fbx.proxad.net
1013725  pts/2        Wed Oct  9 11:52 - 11:54  (00:02)     i19-lef01-t2-89-85-251-72.ft.lns.abo.bbox.fr
21305375 pts/2        Wed Oct  9 11:49 - 11:50  (00:01)     37.170.236.24
21305375 pts/5        Wed Oct  9 11:47 - 11:48  (00:01)     37.170.236.24
21322058 pts/2        Wed Oct  9 11:38 - 11:49  (00:10)     fw-pmc.sorbonne-universite.fr
21322058 pts/2        Wed Oct  9 11:36 - 11:38  (00:01)     fw-pmc.sorbonne-universite.fr
1013725  pts/0        Wed Oct  9 11:29 - 13:38  (02:09)     i19-lef01-t2-89-85-251-72.ft.lns.abo.bbox.fr
21315866 pts/5        Wed Oct  9 11:17 - 11:29  (00:12)     37-174-65-244.coucou-networks.fr
21315866 pts/10       Wed Oct  9 11:01 - 13:18  (02:17)     37-165-78-43.coucou-networks.fr
28510854 pts/9        Wed Oct  9 10:58 - 13:09  (02:11)     37.174.179.230
28510854 pts/7        Wed Oct  9 10:35 - 12:48  (02:12)     37.174.179.230
21401438 pts/9        Wed Oct  9 10:23 - 10:30  (00:07)     cust-west-par-46-193-0-20.cust.wifirst.net
21415515 pts/8        Wed Oct  9 10:13 - 12:49  (02:35)     ppti-14-503-01.ufr-info-p6.jussieu.fr
28602054 pts/7        Wed Oct  9 10:12 - 10:29  (00:17)     fw-pmc.sorbonne-universite.fr
28602054 pts/7        Wed Oct  9 10:01 - 10:06  (00:05)     fw-pmc.sorbonne-universite.fr
21400068 pts/5        Wed Oct  9 10:00 - 11:03  (01:03)     80-214-21-226.abo.bbox.fr
28602054 pts/5        Wed Oct  9 09:42 - 09:45  (00:02)     fw-pmc.sorbonne-universite.fr
28602054 pts/5        Wed Oct  9 09:42 - 09:42  (00:00)     fw-pmc.sorbonne-universite.fr
28602054 pts/5        Wed Oct  9 09:42 - 09:42  (00:00)     fw-pmc.sorbonne-universite.fr
28602054 pts/5        Wed Oct  9 09:42 - 09:42  (00:00)     fw-pmc.sorbonne-universite.fr
28602054 pts/5        Wed Oct  9 09:42 - 09:42  (00:00)     fw-pmc.sorbonne-universite.fr
28602054 pts/5        Wed Oct  9 09:42 - 09:42  (00:00)     fw-pmc.sorbonne-universite.fr
28602054 pts/5        Wed Oct  9 09:42 - 09:42  (00:00)     fw-pmc.sorbonne-universite.fr
28602054 pts/5        Wed Oct  9 09:42 - 09:42  (00:00)     fw-pmc.sorbonne-universite.fr
28602054 pts/5        Wed Oct  9 09:42 - 09:42  (00:00)     fw-pmc.sorbonne-universite.fr
28602054 pts/5        Wed Oct  9 09:42 - 09:42  (00:00)     fw-pmc.sorbonne-universite.fr
28602054 pts/5        Wed Oct  9 09:42 - 09:42  (00:00)     fw-pmc.sorbonne-universite.fr
28602054 pts/5        Wed Oct  9 09:42 - 09:42  (00:00)     fw-pmc.sorbonne-universite.fr
28602054 pts/5        Wed Oct  9 09:42 - 09:42  (00:00)     fw-pmc.sorbonne-universite.fr
28602054 pts/5        Wed Oct  9 09:42 - 09:42  (00:00)     fw-pmc.sorbonne-universite.fr
28602054 pts/5        Wed Oct  9 09:42 - 09:42  (00:00)     fw-pmc.sorbonne-universite.fr
28602054 pts/5        Wed Oct  9 09:42 - 09:42  (00:00)     fw-pmc.sorbonne-universite.fr
28602054 pts/5        Wed Oct  9 09:42 - 09:42  (00:00)     fw-pmc.sorbonne-universite.fr
28602054 pts/5        Wed Oct  9 09:42 - 09:42  (00:00)     fw-pmc.sorbonne-universite.fr
28602054 pts/5        Wed Oct  9 09:42 - 09:42  (00:00)     fw-pmc.sorbonne-universite.fr
28602054 pts/5        Wed Oct  9 09:42 - 09:42  (00:00)     fw-pmc.sorbonne-universite.fr
28602054 pts/5        Wed Oct  9 09:42 - 09:42  (00:00)     fw-pmc.sorbonne-universite.fr
28602054 pts/5        Wed Oct  9 09:42 - 09:42  (00:00)     fw-pmc.sorbonne-universite.fr
28602054 pts/5        Wed Oct  9 09:42 - 09:42  (00:00)     fw-pmc.sorbonne-universite.fr
28602054 pts/5        Wed Oct  9 09:42 - 09:42  (00:00)     fw-pmc.sorbonne-universite.fr
28602054 pts/5        Wed Oct  9 09:42 - 09:42  (00:00)     fw-pmc.sorbonne-universite.fr
28602054 pts/5        Wed Oct  9 09:42 - 09:42  (00:00)     fw-pmc.sorbonne-universite.fr
28602054 pts/5        Wed Oct  9 09:42 - 09:42  (00:00)     fw-pmc.sorbonne-universite.fr
28602054 pts/5        Wed Oct  9 09:42 - 09:42  (00:00)     fw-pmc.sorbonne-universite.fr
28602054 pts/5        Wed Oct  9 09:42 - 09:42  (00:00)     fw-pmc.sorbonne-universite.fr
28602054 pts/5        Wed Oct  9 09:42 - 09:42  (00:00)     fw-pmc.sorbonne-universite.fr
28602054 pts/5        Wed Oct  9 09:42 - 09:42  (00:00)     fw-pmc.sorbonne-universite.fr
28602054 pts/5        Wed Oct  9 09:42 - 09:42  (00:00)     fw-pmc.sorbonne-universite.fr
28602054 pts/5        Wed Oct  9 09:42 - 09:42  (00:00)     fw-pmc.sorbonne-universite.fr
28602054 pts/5        Wed Oct  9 09:42 - 09:42  (00:00)     fw-pmc.sorbonne-universite.fr
28602054 pts/5        Wed Oct  9 09:41 - 09:41  (00:00)     fw-pmc.sorbonne-universite.fr
28602054 pts/5        Wed Oct  9 09:41 - 09:41  (00:00)     fw-pmc.sorbonne-universite.fr
28602054 pts/5        Wed Oct  9 09:41 - 09:41  (00:00)     fw-pmc.sorbonne-universite.fr
28602054 pts/5        Wed Oct  9 09:41 - 09:41  (00:00)     fw-pmc.sorbonne-universite.fr
28602054 pts/5        Wed Oct  9 09:41 - 09:41  (00:00)     fw-pmc.sorbonne-universite.fr
28602054 pts/5        Wed Oct  9 09:41 - 09:41  (00:00)     fw-pmc.sorbonne-universite.fr
28602054 pts/5        Wed Oct  9 09:40 - 09:40  (00:00)     fw-pmc.sorbonne-universite.fr
28602054 pts/5        Wed Oct  9 09:40 - 09:40  (00:00)     fw-pmc.sorbonne-universite.fr
28602054 pts/5        Wed Oct  9 09:40 - 09:40  (00:00)     fw-pmc.sorbonne-universite.fr
28602054 pts/5        Wed Oct  9 09:40 - 09:40  (00:00)     fw-pmc.sorbonne-universite.fr
28602054 pts/5        Wed Oct  9 09:40 - 09:40  (00:00)     fw-pmc.sorbonne-universite.fr
28602054 pts/5        Wed Oct  9 09:40 - 09:40  (00:00)     fw-pmc.sorbonne-universite.fr
28602054 pts/5        Wed Oct  9 09:40 - 09:40  (00:00)     fw-pmc.sorbonne-universite.fr
28602054 pts/5        Wed Oct  9 09:40 - 09:40  (00:00)     fw-pmc.sorbonne-universite.fr
28602054 pts/5        Wed Oct  9 09:40 - 09:40  (00:00)     fw-pmc.sorbonne-universite.fr
28602054 pts/5        Wed Oct  9 09:40 - 09:40  (00:00)     fw-pmc.sorbonne-universite.fr
28602054 pts/5        Wed Oct  9 09:40 - 09:40  (00:00)     fw-pmc.sorbonne-universite.fr
28602054 pts/5        Wed Oct  9 09:40 - 09:40  (00:00)     fw-pmc.sorbonne-universite.fr
28602054 pts/5        Wed Oct  9 09:40 - 09:40  (00:00)     fw-pmc.sorbonne-universite.fr
28602054 pts/5        Wed Oct  9 09:40 - 09:40  (00:00)     fw-pmc.sorbonne-universite.fr
28602054 pts/5        Wed Oct  9 09:40 - 09:40  (00:00)     fw-pmc.sorbonne-universite.fr
28602054 pts/5        Wed Oct  9 09:40 - 09:40  (00:00)     fw-pmc.sorbonne-universite.fr
28602054 pts/5        Wed Oct  9 09:40 - 09:40  (00:00)     fw-pmc.sorbonne-universite.fr
28602054 pts/5        Wed Oct  9 09:40 - 09:40  (00:00)     fw-pmc.sorbonne-universite.fr
28602054 pts/5        Wed Oct  9 09:40 - 09:40  (00:00)     fw-pmc.sorbonne-universite.fr
28602054 pts/5        Wed Oct  9 09:40 - 09:40  (00:00)     fw-pmc.sorbonne-universite.fr
28602054 pts/5        Wed Oct  9 09:40 - 09:40  (00:00)     fw-pmc.sorbonne-universite.fr
28602054 pts/5        Wed Oct  9 09:40 - 09:40  (00:00)     fw-pmc.sorbonne-universite.fr
28602054 pts/5        Wed Oct  9 09:40 - 09:40  (00:00)     fw-pmc.sorbonne-universite.fr
28602054 pts/5        Wed Oct  9 09:40 - 09:40  (00:00)     fw-pmc.sorbonne-universite.fr
28602054 pts/5        Wed Oct  9 09:40 - 09:40  (00:00)     fw-pmc.sorbonne-universite.fr
28602054 pts/5        Wed Oct  9 09:40 - 09:40  (00:00)     fw-pmc.sorbonne-universite.fr
28602054 pts/5        Wed Oct  9 09:40 - 09:40  (00:00)     fw-pmc.sorbonne-universite.fr
28602054 pts/5        Wed Oct  9 09:40 - 09:40  (00:00)     fw-pmc.sorbonne-universite.fr
28602054 pts/5        Wed Oct  9 09:40 - 09:40  (00:00)     fw-pmc.sorbonne-universite.fr
28602054 pts/5        Wed Oct  9 09:40 - 09:40  (00:00)     fw-pmc.sorbonne-universite.fr
28602054 pts/5        Wed Oct  9 09:40 - 09:40  (00:00)     fw-pmc.sorbonne-universite.fr
28602054 pts/5        Wed Oct  9 09:40 - 09:40  (00:00)     fw-pmc.sorbonne-universite.fr
21109103 pts/4        Wed Oct  9 09:16 - 19:40  (10:24)     107.60.26.109.rev.sfr.net
21415515 pts/2        Wed Oct  9 09:10 - 11:24  (02:14)     185.13.107.30
21304461 pts/0        Wed Oct  9 08:46 - 11:24  (02:38)     fw-pmc.sorbonne-universite.fr
21109103 pts/0        Wed Oct  9 00:41 - 01:04  (00:22)     107.60.26.109.rev.sfr.net
28602054 pts/2        Tue Oct  8 23:10 - 01:52  (02:41)     fer91-4_migr-78-199-216-192.fbx.proxad.net
3603679  pts/0        Tue Oct  8 22:48 - 23:38  (00:50)     ecq62-1_migr-78-196-118-29.fbx.proxad.net
3603679  pts/0        Tue Oct  8 22:45 - 22:47  (00:01)     ecq62-1_migr-78-196-118-29.fbx.proxad.net
21400068 pts/2        Tue Oct  8 21:11 - 21:52  (00:41)     fw-pmc.sorbonne-universite.fr
28510854 pts/5        Tue Oct  8 20:48 - 01:06  (04:18)     cri75-3-78-192-79-75.fbxo.proxad.net
21400068 pts/4        Tue Oct  8 20:48 - 20:48  (00:00)     fw-pmc.sorbonne-universite.fr
21417011 pts/4        Tue Oct  8 20:41 - 20:42  (00:00)     fw-pmc.sorbonne-universite.fr
21205158 pts/4        Tue Oct  8 20:31 - 20:34  (00:02)     lfbn-idf1-1-1998-251.w90-127.abo.wanadoo.fr
21205158 pts/4        Tue Oct  8 20:28 - 20:30  (00:01)     lfbn-idf1-1-1998-251.w90-127.abo.wanadoo.fr
21202966 pts/2        Tue Oct  8 19:23 - 20:52  (01:28)     cust-west-par-46-193-57-83.cust.wifirst.net
21109103 pts/11       Tue Oct  8 18:50 - 19:00  (00:10)     fw-pmc.sorbonne-universite.fr
21109103 pts/11       Tue Oct  8 18:49 - 18:50  (00:00)     fw-pmc.sorbonne-universite.fr
28602054 pts/13       Tue Oct  8 18:35 - 21:43  (03:07)     fer91-4_migr-78-199-216-192.fbx.proxad.net
28510854 pts/7        Tue Oct  8 18:17 - 20:44  (02:26)     cri75-3-78-192-79-75.fbxo.proxad.net
21109103 pts/5        Tue Oct  8 18:07 - 20:25  (02:17)     126.38.22.93.rev.sfr.net
3711799  pts/7        Tue Oct  8 17:45 - 17:45  (00:00)     dhcp48-081.admp6.jussieu.fr
28510854 pts/7        Tue Oct  8 17:28 - 17:41  (00:13)     cri75-3-78-192-79-75.fbxo.proxad.net
21109103 pts/4        Tue Oct  8 16:42 - 20:09  (03:26)     126.38.22.93.rev.sfr.net
21201798 pts/4        Tue Oct  8 16:22 - 16:26  (00:04)     ppti-14-308-06.ufr-info-p6.jussieu.fr
28510854 pts/12       Tue Oct  8 16:10 - 18:44  (02:33)     fw-pmc.sorbonne-universite.fr
21109103 pts/11       Tue Oct  8 15:49 - 18:42  (02:52)     126.38.22.93.rev.sfr.net
21312637 pts/7        Tue Oct  8 15:38 - 16:26  (00:47)     5.51.221.241
21109103 pts/5        Tue Oct  8 15:29 - 17:46  (02:17)     126.38.22.93.rev.sfr.net
28722336 pts/4        Tue Oct  8 14:06 - 16:20  (02:13)     185.13.107.147
28722336 pts/2        Tue Oct  8 14:03 - 14:07  (00:03)     185.13.107.147
21311601 pts/4        Tue Oct  8 13:55 - 13:58  (00:02)     92-184-106-135.mobile.fr.orangecustomers.net
21202062 pts/2        Tue Oct  8 13:52 - 14:00  (00:07)     37-165-31-251.coucou-networks.fr
21400013 pts/2        Tue Oct  8 11:32 - 11:35  (00:03)     fw-pmc.sorbonne-universite.fr
28510854 pts/2        Tue Oct  8 09:20 - 10:03  (00:42)     fw-pmc.sorbonne-universite.fr
21305562 pts/2        Tue Oct  8 08:48 - 08:53  (00:04)     fw-pmc.sorbonne-universite.fr
21110908 pts/5        Mon Oct  7 21:53 - 22:07  (00:13)     static-176-175-63-92.ftth.abo.bbox.fr
21302388 pts/4        Mon Oct  7 21:42 - 22:18  (00:35)     anantes-651-1-157-187.w90-25.abo.wanadoo.fr
28602054 pts/2        Mon Oct  7 21:01 - 23:14  (02:12)     fer91-4_migr-78-199-216-192.fbx.proxad.net
28602054 pts/4        Mon Oct  7 20:39 - 21:01  (00:22)     fer91-4_migr-78-199-216-192.fbx.proxad.net
28602054 pts/4        Mon Oct  7 20:24 - 20:25  (00:00)     fer91-4_migr-78-199-216-192.fbx.proxad.net
21321221 pts/4        Mon Oct  7 20:21 - 20:24  (00:03)     man30-2_xxx-78-243-17-53.fbx.proxad.net
28602054 pts/11       Mon Oct  7 19:51 - 20:13  (00:22)     fer91-4_migr-78-199-216-192.fbx.proxad.net
21421590 pts/10       Mon Oct  7 19:49 - 20:05  (00:15)     vil93-2_migr-82-66-223-99.fbx.proxad.net
21421590 pts/10       Mon Oct  7 19:48 - 19:48  (00:00)     vil93-2_migr-82-66-223-99.fbx.proxad.net
28706765 pts/9        Mon Oct  7 19:45 - 21:59  (02:13)     fw-pmc.sorbonne-universite.fr
21421590 pts/7        Mon Oct  7 19:21 - 20:06  (00:44)     vil93-2_migr-82-66-223-99.fbx.proxad.net
28706765 pts/7        Mon Oct  7 19:16 - 19:17  (00:01)     fw-pmc.sorbonne-universite.fr
21301629 pts/8        Mon Oct  7 19:05 - 21:19  (02:14)     fw-pmc.sorbonne-universite.fr
21301629 pts/8        Mon Oct  7 18:54 - 19:02  (00:07)     fw-pmc.sorbonne-universite.fr
21321221 pts/9        Mon Oct  7 18:52 - 18:53  (00:01)     pez34-1_migr-78-244-169-74.fbx.proxad.net
21306362 pts/8        Mon Oct  7 18:49 - 18:53  (00:04)     fw-pmc.sorbonne-universite.fr
21301629 pts/7        Mon Oct  7 18:41 - 19:07  (00:26)     fw-pmc.sorbonne-universite.fr
28706745 pts/2        Mon Oct  7 18:32 - 20:44  (02:12)     mor57-1_migr-78-243-89-118.fbx.proxad.net
21321221 pts/5        Mon Oct  7 18:19 - 20:34  (02:14)     pez34-1_migr-78-244-169-74.fbx.proxad.net
21321221 pts/4        Mon Oct  7 17:50 - 20:08  (02:17)     pez34-1_migr-78-244-169-74.fbx.proxad.net
21220159 pts/7        Mon Oct  7 16:16 - 16:27  (00:10)     fw-pmc.sorbonne-universite.fr
fladenmu pts/5        Mon Oct  7 15:29 - 16:46  (01:16)     postefladenmuller.rsr.lip6.fr
fladenmu pts/4        Mon Oct  7 15:28 - 16:46  (01:17)     postefladenmuller.rsr.lip6.fr
28602054 pts/4        Mon Oct  7 14:24 - 14:24  (00:00)     fw-pmc.sorbonne-universite.fr
28602054 pts/4        Mon Oct  7 14:23 - 14:24  (00:01)     fw-pmc.sorbonne-universite.fr
28602054 pts/4        Mon Oct  7 14:22 - 14:22  (00:00)     fw-pmc.sorbonne-universite.fr
28602054 pts/4        Mon Oct  7 14:17 - 14:21  (00:04)     fw-pmc.sorbonne-universite.fr
baynat   pts/4        Mon Oct  7 12:53 - 13:10  (00:16)     postebaynat4.rsr.lip6.fr
grenard  pts/0        Mon Oct  7 12:01 - 21:15 (1+09:14)    176-179-22-117.abo.bbox.fr
authier  pts/2        Mon Oct  7 11:06 - 18:29  (07:22)     antalya.ufr-info-p6.jussieu.fr
21401550 pts/2        Mon Oct  7 10:33 - 10:42  (00:08)     37-174-58-141.coucou-networks.fr
3603679  pts/0        Mon Oct  7 09:16 - 11:36  (02:20)     fw-pmc.sorbonne-universite.fr
3603679  pts/0        Mon Oct  7 09:14 - 09:16  (00:01)     fw-pmc.sorbonne-universite.fr
3705201  pts/2        Sun Oct  6 23:41 - 23:45  (00:04)     176-139-145-170.abo.bbox.fr
21103800 pts/0        Sun Oct  6 23:36 - 23:45  (00:09)     88-184-34-205.subs.proxad.net
21225826 pts/2        Sun Oct  6 20:20 - 20:28  (00:07)     25.61.65.37.rev.sfr.net
21321221 pts/5        Sun Oct  6 19:08 - 21:24  (02:15)     are33-1_migr-78-243-177-141.fbx.proxad.net
21321221 pts/5        Sun Oct  6 19:06 - 19:06  (00:00)     are33-1_migr-78-243-177-141.fbx.proxad.net
21304861 pts/9        Sun Oct  6 18:59 - 21:23  (02:24)     44.39.22.93.rev.sfr.net
21304861 pts/0        Sun Oct  6 18:46 - 21:12  (02:26)     44.39.22.93.rev.sfr.net
21304861 pts/0        Sun Oct  6 18:46 - 18:46  (00:00)     44.39.22.93.rev.sfr.net
21304861 pts/0        Sun Oct  6 18:41 - 18:45  (00:04)     44.39.22.93.rev.sfr.net
21321221 pts/9        Sun Oct  6 18:21 - 18:26  (00:05)     are33-1_migr-78-243-177-141.fbx.proxad.net
28510854 pts/9        Sun Oct  6 18:13 - 18:16  (00:02)     cri75-3-78-192-79-75.fbxo.proxad.net
21304927 pts/9        Sun Oct  6 17:40 - 17:43  (00:02)     lfbn-dij-1-78-31.w90-62.abo.wanadoo.fr
1013733  pts/10       Sun Oct  6 17:30 - 23:00  (05:29)     cust-east-par-46-193-67-113.cust.wifirst.net
28510854 pts/9        Sun Oct  6 17:28 - 17:35  (00:07)     cri75-3-78-192-79-75.fbxo.proxad.net
1013733  pts/8        Sun Oct  6 17:27 - 22:54  (05:26)     cust-east-par-46-193-67-113.cust.wifirst.net
21312539 pts/8        Sun Oct  6 17:18 - 17:18  (00:00)     45.66.108.81
1013733  pts/7        Sun Oct  6 17:15 - 23:00  (05:44)     cust-east-par-46-193-67-113.cust.wifirst.net
21110908 pts/2        Sun Oct  6 17:14 - 19:15  (02:00)     static-176-175-63-92.ftth.abo.bbox.fr
21312539 pts/8        Sun Oct  6 17:02 - 17:02  (00:00)     45.66.108.81
21312539 pts/8        Sun Oct  6 17:00 - 17:01  (00:01)     45.66.108.81
1013734  pts/7        Sun Oct  6 16:50 - 17:03  (00:13)     cust-west-par-46-193-0-20.cust.wifirst.net
28723936 pts/5        Sun Oct  6 16:46 - 19:03  (02:16)     92-184-106-85.mobile.fr.orangecustomers.net
21312539 pts/5        Sun Oct  6 16:45 - 16:45  (00:00)     45.66.108.81
28723936 pts/0        Sun Oct  6 16:25 - 18:39  (02:14)     lfbn-idf3-1-639-73.w86-252.abo.wanadoo.fr
21101825 pts/2        Sun Oct  6 14:50 - 17:02  (02:12)     lfbn-idf3-1-670-155.w86-252.abo.wanadoo.fr
28717267 pts/7        Sun Oct  6 13:43 - 14:38  (00:55)     ip-97.net-81-220-68.rev.numericable.fr
28717267 pts/0        Sun Oct  6 13:36 - 15:50  (02:14)     ip-97.net-81-220-68.rev.numericable.fr
1013737  pts/5        Sun Oct  6 12:02 - 14:25  (02:23)     88-171-29-89.subs.proxad.net
1013737  pts/4        Sun Oct  6 12:02 - 02:01  (13:59)     88-171-29-89.subs.proxad.net
1013737  pts/2        Sun Oct  6 12:01 - 14:17  (02:15)     88-171-29-89.subs.proxad.net
28602054 pts/0        Sun Oct  6 11:51 - 12:41  (00:50)     lfbn-idf3-1-1127-202.w90-46.abo.wanadoo.fr
3800646  pts/0        Sun Oct  6 01:07 - 01:57  (00:49)     90.94.65.81.rev.sfr.net
21400109 pts/5        Sun Oct  6 00:20 - 00:31  (00:11)     nor75-h03-176-134-213-25.dsl.sta.abo.bbox.fr
21400109 pts/4        Sun Oct  6 00:18 - 00:31  (00:12)     nor75-h03-176-134-213-25.dsl.sta.abo.bbox.fr
21400109 pts/0        Sat Oct  5 23:47 - 00:20  (00:33)     nor75-h03-176-134-213-25.dsl.sta.abo.bbox.fr
21400109 pts/0        Sat Oct  5 23:17 - 23:38  (00:21)     nor75-h03-176-134-213-25.dsl.sta.abo.bbox.fr
21400109 pts/5        Sat Oct  5 22:49 - 23:50  (01:00)     nor75-h03-176-134-213-25.dsl.sta.abo.bbox.fr
21400109 pts/5        Sat Oct  5 22:41 - 22:42  (00:01)     nor75-h03-176-134-213-25.dsl.sta.abo.bbox.fr
21400109 pts/4        Sat Oct  5 22:12 - 23:16  (01:03)     nor75-h03-176-134-213-25.dsl.sta.abo.bbox.fr
3800646  pts/2        Sat Oct  5 21:29 - 00:54  (03:25)     90.94.65.81.rev.sfr.net
3705201  pts/7        Sat Oct  5 20:49 - 20:54  (00:04)     176-139-145-170.abo.bbox.fr
21400109 pts/5        Sat Oct  5 20:31 - 21:27  (00:55)     nor75-h03-176-134-213-25.dsl.sta.abo.bbox.fr
21400109 pts/2        Sat Oct  5 20:07 - 21:27  (01:19)     nor75-h03-176-134-213-25.dsl.sta.abo.bbox.fr
21400109 pts/0        Sat Oct  5 20:05 - 23:16  (03:10)     nor75-h03-176-134-213-25.dsl.sta.abo.bbox.fr
21400109 pts/2        Sat Oct  5 18:29 - 18:32  (00:03)     i16-lef01-ix2-212-195-255-56.ft.lns.abo.bbox.fr
3705201  pts/2        Sat Oct  5 17:51 - 17:53  (00:02)     176-139-145-170.abo.bbox.fr
3705201  pts/2        Sat Oct  5 17:13 - 17:33  (00:20)     176-139-145-170.abo.bbox.fr
28602054 pts/5        Sat Oct  5 15:55 - 20:11  (04:15)     lfbn-idf3-1-1127-202.w90-46.abo.wanadoo.fr
21110908 pts/2        Sat Oct  5 14:56 - 17:09  (02:12)     static-176-175-63-92.ftth.abo.bbox.fr
21113657 pts/0        Sat Oct  5 14:21 - 19:00  (04:39)     128-78-196-131.abo.bbox.fr
21112838 pts/5        Sat Oct  5 12:49 - 12:56  (00:07)     184.133.22.93.rev.sfr.net
21112838 pts/2        Sat Oct  5 12:17 - 12:59  (00:41)     184.133.22.93.rev.sfr.net
21112838 pts/2        Sat Oct  5 12:01 - 12:13  (00:12)     184.133.22.93.rev.sfr.net
21212532 pts/5        Sat Oct  5 11:53 - 11:53  (00:00)     91-169-220-194.subs.proxad.net
21212532 pts/2        Sat Oct  5 11:53 - 11:56  (00:03)     91-169-220-194.subs.proxad.net
grenard  pts/4        Sat Oct  5 11:18 - 20:55  (09:36)     176-179-22-117.abo.bbox.fr
21112838 pts/2        Sat Oct  5 11:14 - 11:19  (00:05)     184.133.22.93.rev.sfr.net
21112838 pts/0        Sat Oct  5 11:09 - 13:24  (02:15)     184.133.22.93.rev.sfr.net
21212532 pts/5        Sat Oct  5 10:06 - 10:43  (00:37)     91-169-220-194.subs.proxad.net
21118889 pts/4        Sat Oct  5 08:29 - 10:42  (02:13)     ip-32.net-89-2-134.rev.numericable.fr
21118889 pts/2        Sat Oct  5 08:28 - 10:41  (02:13)     ip-32.net-89-2-134.rev.numericable.fr
21118889 pts/0        Sat Oct  5 08:27 - 10:42  (02:15)     ip-32.net-89-2-134.rev.numericable.fr
21118889 pts/0        Sat Oct  5 08:23 - 08:26  (00:03)     ip-32.net-89-2-134.rev.numericable.fr
28510854 pts/0        Fri Oct  4 23:52 - 02:04  (02:12)     cri75-3-78-192-79-75.fbxo.proxad.net
21202062 pts/0        Fri Oct  4 20:30 - 21:10  (00:40)     91-167-213-203.subs.proxad.net
21318648 pts/2        Fri Oct  4 18:02 - 18:03  (00:00)     fw-pmc.sorbonne-universite.fr
grenard  pts/274      Fri Oct  4 15:43 - 18:01  (02:17)     87-88-184-171.abo.bbox.fr
1013733  pts/21       Fri Oct  4 15:38 - 18:01  (02:23)     185.13.107.66
1013733  pts/11       Fri Oct  4 15:35 - 17:48  (02:12)     185.13.107.66
1013742  pts/20       Fri Oct  4 15:34 - 16:03  (00:28)     ppti-14-503-10.ufr-info-p6.jussieu.fr
1013733  pts/15       Fri Oct  4 15:31 - 17:44  (02:12)     185.13.107.66
1013746  pts/14       Fri Oct  4 15:25 - 15:49  (00:23)     ppti-14-503-14.ufr-info-p6.jussieu.fr
1013746  pts/2        Fri Oct  4 15:17 - 15:49  (00:31)     ppti-14-503-14.ufr-info-p6.jussieu.fr
1013746  pts/13       Fri Oct  4 15:11 - 15:49  (00:37)     ppti-14-503-14.ufr-info-p6.jussieu.fr
21418615 pts/12       Fri Oct  4 15:04 - 18:02  (02:57)     ppti-24-306-16.ufr-info-p6.jussieu.fr
1013733  pts/11       Fri Oct  4 15:04 - 15:35  (00:30)     185.13.107.66
21418615 pts/9        Fri Oct  4 15:04 - 18:02  (02:58)     ppti-24-306-16.ufr-info-p6.jussieu.fr
21105329 pts/9        Fri Oct  4 15:00 - 15:01  (00:00)     static-176-165-17-251.ftth.abo.bbox.fr
1013733  pts/4        Fri Oct  4 15:00 - 17:14  (02:13)     185.13.107.66
1013733  pts/7        Fri Oct  4 14:54 - 17:08  (02:13)     185.13.107.66
28710673 pts/4        Fri Oct  4 14:52 - 14:58  (00:05)     132.227.125.28
grenard  pts/2        Fri Oct  4 14:52 - 15:12  (00:20)     87-88-184-171.abo.bbox.fr
28710673 pts/2        Fri Oct  4 14:46 - 14:49  (00:02)     132.227.125.28
grenard  pts/11       Fri Oct  4 14:29 - 14:52  (00:22)     87-88-184-171.abo.bbox.fr
21424427 pts/10       Fri Oct  4 14:26 - 15:58  (01:31)     ppti-14-503-09.ufr-info-p6.jussieu.fr
21418615 pts/8        Fri Oct  4 14:24 - 18:02  (03:38)     ppti-24-306-16.ufr-info-p6.jussieu.fr
21418615 pts/9        Fri Oct  4 14:10 - 14:57  (00:47)     ppti-24-306-16.ufr-info-p6.jussieu.fr
1013743  pts/8        Fri Oct  4 14:09 - 14:12  (00:02)     80.215.99.175
21308739 pts/5        Fri Oct  4 14:07 - 16:19  (02:11)     fw-pmc.sorbonne-universite.fr
21308739 pts/5        Fri Oct  4 14:04 - 14:07  (00:02)     fw-pmc.sorbonne-universite.fr
21418615 pts/0        Fri Oct  4 13:21 - 18:02  (04:41)     ppti-24-306-16.ufr-info-p6.jussieu.fr
grenard  pts/4        Fri Oct  4 12:51 - 14:51  (02:00)     87-88-184-171.abo.bbox.fr
grenard  pts/2        Fri Oct  4 12:50 - 14:41  (01:51)     87-88-184-171.abo.bbox.fr
grenard  pts/2        Fri Oct  4 12:48 - 12:50  (00:01)     87-88-184-171.abo.bbox.fr
3520774  pts/5        Fri Oct  4 12:46 - 12:46  (00:00)     88-126-188-130.subs.proxad.net
grenard  pts/4        Fri Oct  4 12:23 - 12:48  (00:25)     87-88-184-171.abo.bbox.fr
21225826 pts/4        Fri Oct  4 11:43 - 11:43  (00:00)     25.61.65.37.rev.sfr.net
28705996 pts/7        Fri Oct  4 11:04 - 14:49  (03:45)     fw-pmc.sorbonne-universite.fr
21308739 pts/7        Fri Oct  4 10:49 - 10:51  (00:01)     fw-pmc.sorbonne-universite.fr
21418615 pts/5        Fri Oct  4 10:49 - 11:24  (00:34)     ppti-14-305-15.ufr-info-p6.jussieu.fr
21418615 pts/4        Fri Oct  4 10:46 - 11:24  (00:38)     ppti-14-305-15.ufr-info-p6.jussieu.fr
21225826 pts/4        Fri Oct  4 09:31 - 09:32  (00:00)     25.61.65.37.rev.sfr.net
3808150  pts/4        Thu Oct  3 22:37 - 22:49  (00:11)     88-178-35-180.subs.proxad.net
28712181 pts/4        Thu Oct  3 22:24 - 22:26  (00:02)     219-231-45-185.cust.keyyo.net
28510854 pts/5        Thu Oct  3 22:15 - 22:17  (00:01)     cri75-3-78-192-79-75.fbxo.proxad.net
21214570 pts/4        Thu Oct  3 22:09 - 22:16  (00:06)     cust-east-par-46-193-66-70.cust.wifirst.net
21112838 pts/4        Thu Oct  3 21:23 - 21:25  (00:01)     cust-west-par-46-193-5-229.cust.wifirst.net
21112838 pts/4        Thu Oct  3 20:57 - 20:58  (00:00)     cust-west-par-46-193-5-229.cust.wifirst.net
21112838 pts/4        Thu Oct  3 20:55 - 20:56  (00:00)     cust-west-par-46-193-5-229.cust.wifirst.net
21220159 pts/9        Thu Oct  3 20:11 - 20:15  (00:04)     88-160-66-208.subs.proxad.net
28705996 pts/5        Thu Oct  3 19:45 - 22:06  (02:21)     91-168-33-142.subs.proxad.net
21305448 pts/5        Thu Oct  3 19:42 - 19:45  (00:02)     91-168-33-142.subs.proxad.net
28705996 pts/5        Thu Oct  3 19:38 - 19:42  (00:03)     91-168-33-142.subs.proxad.net
28705996 pts/5        Thu Oct  3 19:35 - 19:37  (00:02)     91-168-33-142.subs.proxad.net
21112838 pts/5        Thu Oct  3 19:33 - 19:35  (00:01)     cust-west-par-46-193-5-229.cust.wifirst.net
28602054 pts/8        Thu Oct  3 18:28 - 20:32  (02:03)     fer91-4_migr-78-199-216-192.fbx.proxad.net
21220159 pts/7        Thu Oct  3 17:59 - 20:12  (02:12)     fw-pmc.sorbonne-universite.fr
28720888 pts/4        Thu Oct  3 17:56 - 20:35  (02:38)     fw-pmc.sorbonne-universite.fr
21214570 pts/13       Thu Oct  3 17:29 - 19:46  (02:16)     37.165.100.36
21214570 pts/13       Thu Oct  3 17:21 - 17:26  (00:04)     37.165.100.36
21214570 pts/13       Thu Oct  3 17:16 - 17:19  (00:03)     37.165.100.36
21214570 pts/14       Thu Oct  3 17:05 - 17:11  (00:05)     37.165.100.36
28705521 pts/13       Thu Oct  3 17:03 - 17:08  (00:05)     fw-pmc.sorbonne-universite.fr
21214570 pts/12       Thu Oct  3 16:52 - 19:13  (02:21)     37.165.100.36
21214570 pts/12       Thu Oct  3 16:44 - 16:49  (00:05)     37.165.100.36
21214570 pts/11       Thu Oct  3 16:33 - 18:46  (02:12)     37.165.100.36
21320115 pts/11       Thu Oct  3 16:29 - 16:31  (00:01)     fw-pmc.sorbonne-universite.fr
28714617 pts/11       Thu Oct  3 16:21 - 16:25  (00:04)     fw-pmc.sorbonne-universite.fr
21214570 pts/11       Thu Oct  3 16:11 - 16:16  (00:04)     37.165.100.36
21305392 pts/10       Thu Oct  3 16:10 - 19:45  (03:34)     96.67.136.77.rev.sfr.net
28706765 pts/9        Thu Oct  3 16:09 - 18:17  (02:07)     fw-pmc.sorbonne-universite.fr
28602815 pts/8        Thu Oct  3 16:07 - 17:54  (01:46)     fw-pmc.sorbonne-universite.fr
21305800 pts/7        Thu Oct  3 16:00 - 17:53  (01:53)     fw-pmc.sorbonne-universite.fr
21320115 pts/5        Thu Oct  3 15:59 - 18:59  (02:59)     fw-pmc.sorbonne-universite.fr
21107422 pts/4        Thu Oct  3 15:09 - 17:50  (02:40)     cou63-h01-176-190-191-186.dsl.sta.abo.bbox.fr
28602815 pts/5        Thu Oct  3 14:26 - 14:31  (00:04)     fw-pmc.sorbonne-universite.fr
28602815 pts/5        Thu Oct  3 14:18 - 14:20  (00:02)     fw-pmc.sorbonne-universite.fr
28602815 pts/7        Thu Oct  3 14:14 - 14:19  (00:04)     fw-pmc.sorbonne-universite.fr
21406833 pts/5        Thu Oct  3 14:11 - 14:14  (00:02)     ppti-14-503-03.ufr-info-p6.jussieu.fr
21107422 pts/4        Thu Oct  3 13:52 - 14:45  (00:52)     cou63-h01-176-190-191-186.dsl.sta.abo.bbox.fr
grenard  pts/2        Thu Oct  3 11:34 - 12:47 (1+01:12)    176-179-22-117.abo.bbox.fr
grenard  pts/0        Thu Oct  3 11:34 - 13:04 (1+01:30)    176-179-22-117.abo.bbox.fr
21214631 pts/2        Thu Oct  3 10:49 - 10:53  (00:03)     fw-pmc.sorbonne-universite.fr
21113657 pts/0        Thu Oct  3 10:45 - 10:56  (00:11)     i19-lef02-th2-212-195-231-66.ft.lns.abo.bbox.fr
21400109 pts/8        Wed Oct  2 21:26 - 22:03  (00:36)     i15-lef01-ix2-212-195-254-30.ft.lns.abo.bbox.fr
28510854 pts/7        Wed Oct  2 21:24 - 21:32  (00:08)     cri75-3-78-192-79-75.fbxo.proxad.net
21201780 pts/7        Wed Oct  2 21:10 - 21:16  (00:05)     176-132-234-192.abo.bbox.fr
21207300 pts/5        Wed Oct  2 21:10 - 23:24  (02:14)     193.52.24.26
28711288 pts/4        Wed Oct  2 21:09 - 21:34  (00:24)     176-139-149-242.abo.bbox.fr
28711288 pts/4        Wed Oct  2 21:01 - 21:02  (00:00)     176-139-149-242.abo.bbox.fr
28711288 pts/0        Wed Oct  2 20:46 - 23:12  (02:26)     176-139-149-242.abo.bbox.fr
28711288 pts/5        Wed Oct  2 19:25 - 19:31  (00:05)     176-139-149-242.abo.bbox.fr
1012686  pts/5        Wed Oct  2 19:07 - 19:07  (00:00)     antalya.ufr-info-p6.jussieu.fr
21205158 pts/4        Wed Oct  2 18:47 - 20:07  (01:19)     lfbn-idf1-1-1998-251.w90-127.abo.wanadoo.fr
21419195 pts/4        Wed Oct  2 16:24 - 16:27  (00:03)     i19-lef01-t2-89-85-244-204.ft.lns.abo.bbox.fr
21417011 pts/0        Wed Oct  2 16:11 - 20:24  (04:12)     fw-pmc.sorbonne-universite.fr
21214135 pts/0        Wed Oct  2 15:43 - 15:44  (00:00)     92-184-97-90.mobile.fr.orangecustomers.net
3800646  pts/2        Wed Oct  2 15:24 - 22:35  (07:11)     100.93.65.81.rev.sfr.net
21415798 pts/0        Wed Oct  2 15:03 - 15:33  (00:30)     fw-pmc.sorbonne-universite.fr
grenard  pts/5        Wed Oct  2 13:27 - 15:29  (02:01)     87-88-166-251.abo.bbox.fr
root     pts/8        Wed Oct  2 13:21 - 16:41  (03:19)     cerise.ufr-info-p6.jussieu.fr
grenard  pts/0        Wed Oct  2 13:16 - 14:42  (01:25)     87-88-166-251.abo.bbox.fr
grenard  pts/0        Wed Oct  2 13:15 - 13:16  (00:00)     87-88-166-251.abo.bbox.fr
28510854 pts/9        Wed Oct  2 13:13 - 15:26  (02:13)     37-170-73-23.coucou-networks.fr
grenard  pts/8        Wed Oct  2 13:11 - 13:15  (00:03)     87-88-166-251.abo.bbox.fr
grenard  pts/5        Wed Oct  2 12:59 - 13:26  (00:27)     87-88-166-251.abo.bbox.fr
grenard  pts/0        Wed Oct  2 12:57 - 13:15  (00:17)     87-88-166-251.abo.bbox.fr
21304461 pts/7        Wed Oct  2 11:27 - 13:41  (02:13)     fw-pmc.sorbonne-universite.fr
21415515 pts/2        Wed Oct  2 11:18 - 13:41  (02:23)     185.13.106.216
21415515 pts/13       Wed Oct  2 11:08 - 11:17  (00:08)     185.13.106.216
21112838 pts/13       Wed Oct  2 10:53 - 11:04  (00:10)     26.66.136.77.rev.sfr.net
21401550 pts/14       Wed Oct  2 10:50 - 10:51  (00:01)     fw-pmc.sorbonne-universite.fr
21112838 pts/13       Wed Oct  2 10:48 - 10:53  (00:04)     26.66.136.77.rev.sfr.net
21419195 pts/12       Wed Oct  2 09:59 - 12:00  (02:00)     i19-lef01-t2-89-85-244-204.ft.lns.abo.bbox.fr
21419195 pts/5        Wed Oct  2 09:58 - 11:59  (02:01)     i19-lef01-t2-89-85-244-204.ft.lns.abo.bbox.fr
21419195 pts/11       Wed Oct  2 09:41 - 11:47  (02:05)     i19-lef01-t2-89-85-244-204.ft.lns.abo.bbox.fr
21419195 pts/10       Wed Oct  2 09:40 - 11:49  (02:08)     i19-lef01-t2-89-85-244-204.ft.lns.abo.bbox.fr
21113417 pts/10       Wed Oct  2 09:38 - 09:40  (00:01)     37.170.248.125
21113417 pts/9        Wed Oct  2 09:37 - 11:49  (02:12)     37.170.248.125
21419195 pts/8        Wed Oct  2 09:34 - 11:48  (02:14)     i19-lef01-t2-89-85-244-204.ft.lns.abo.bbox.fr
21417415 pts/7        Wed Oct  2 09:25 - 11:10  (01:45)     fw-pmc.sorbonne-universite.fr
21419195 pts/5        Wed Oct  2 09:24 - 09:47  (00:22)     i19-lef01-t2-89-85-244-204.ft.lns.abo.bbox.fr
21304461 pts/4        Wed Oct  2 09:23 - 13:40  (04:16)     62-4-15-164.rev.poneytelecom.eu
21417415 pts/2        Wed Oct  2 09:21 - 11:09  (01:47)     fw-pmc.sorbonne-universite.fr
21417415 pts/2        Wed Oct  2 09:16 - 09:21  (00:04)     fw-pmc.sorbonne-universite.fr
21417415 pts/0        Wed Oct  2 08:47 - 12:00  (03:12)     fw-pmc.sorbonne-universite.fr
21109103 pts/4        Wed Oct  2 01:23 - 03:10  (01:46)     107.60.26.109.rev.sfr.net
28706219 pts/4        Wed Oct  2 01:13 - 01:15  (00:01)     lfbn-idf2-1-289-186.w82-123.abo.wanadoo.fr
21109103 pts/2        Wed Oct  2 00:20 - 02:35  (02:15)     211.149.22.93.rev.sfr.net
21112838 pts/2        Wed Oct  2 00:03 - 00:03  (00:00)     cust-west-par-46-193-5-229.cust.wifirst.net
21400109 pts/4        Tue Oct  1 22:09 - 22:50  (00:41)     nor75-h03-176-134-213-16.dsl.sta.abo.bbox.fr
21400109 pts/2        Tue Oct  1 20:34 - 00:01  (03:26)     nor75-h03-176-134-213-16.dsl.sta.abo.bbox.fr
28723936 pts/2        Tue Oct  1 20:08 - 20:13  (00:04)     lfbn-idf3-1-639-73.w86-252.abo.wanadoo.fr
21400471 pts/2        Tue Oct  1 19:12 - 19:13  (00:01)     161.61.140.77.rev.sfr.net
21202062 pts/2        Tue Oct  1 18:26 - 18:38  (00:11)     cust-east-par-46-193-69-31.cust.wifirst.net
21202062 pts/2        Tue Oct  1 18:24 - 18:24  (00:00)     cust-east-par-46-193-69-31.cust.wifirst.net
21211258 pts/4        Tue Oct  1 18:21 - 18:25  (00:04)     88-169-4-143.subs.proxad.net
21211258 pts/4        Tue Oct  1 18:17 - 18:20  (00:02)     88-169-4-143.subs.proxad.net
21202062 pts/2        Tue Oct  1 17:55 - 18:23  (00:28)     cust-east-par-46-193-69-31.cust.wifirst.net
21211258 pts/4        Tue Oct  1 17:52 - 18:14  (00:22)     88-169-4-143.subs.proxad.net
21400002 pts/7        Tue Oct  1 17:49 - 20:02  (02:12)     fw-pmc.sorbonne-universite.fr
28609954 pts/7        Tue Oct  1 17:43 - 17:45  (00:02)     ucopia-ext.saclay.inria.fr
28609954 pts/7        Tue Oct  1 17:42 - 17:42  (00:00)     ucopia-ext.saclay.inria.fr
21400002 pts/5        Tue Oct  1 17:40 - 19:53  (02:12)     fw-pmc.sorbonne-universite.fr
21400002 pts/4        Tue Oct  1 17:19 - 17:51  (00:32)     fw-pmc.sorbonne-universite.fr
21202062 pts/2        Tue Oct  1 16:54 - 17:54  (01:00)     cust-east-par-46-193-69-31.cust.wifirst.net
21202062 pts/2        Tue Oct  1 16:52 - 16:53  (00:00)     cust-east-par-46-193-69-31.cust.wifirst.net
21202062 pts/2        Tue Oct  1 16:50 - 16:51  (00:00)     cust-east-par-46-193-69-31.cust.wifirst.net
21306261 pts/11       Tue Oct  1 16:26 - 17:53  (01:27)     fw-pmc.sorbonne-universite.fr
21202062 pts/2        Tue Oct  1 16:19 - 16:27  (00:08)     cust-east-par-46-193-69-31.cust.wifirst.net
21202062 pts/2        Tue Oct  1 16:02 - 16:18  (00:15)     cust-east-par-46-193-69-31.cust.wifirst.net
21202062 pts/11       Tue Oct  1 15:46 - 15:56  (00:10)     cust-east-par-46-193-69-31.cust.wifirst.net
21201798 pts/11       Tue Oct  1 15:45 - 15:45  (00:00)     fw-pmc.sorbonne-universite.fr
21400002 pts/10       Tue Oct  1 14:37 - 16:55  (02:17)     fw-pmc.sorbonne-universite.fr
21400002 pts/9        Tue Oct  1 14:37 - 16:58  (02:20)     fw-pmc.sorbonne-universite.fr
21304461 pts/7        Tue Oct  1 14:35 - 16:49  (02:13)     fw-pmc.sorbonne-universite.fr
21400002 pts/8        Tue Oct  1 14:30 - 16:56  (02:26)     fw-pmc.sorbonne-universite.fr
21304461 pts/7        Tue Oct  1 14:28 - 14:30  (00:02)     fw-pmc.sorbonne-universite.fr
21304461 pts/5        Tue Oct  1 14:25 - 16:39  (02:14)     6bp36-1_migr-78-242-127-31.fbx.proxad.net
21304461 pts/4        Tue Oct  1 14:07 - 16:34  (02:27)     ari-mobile-23.infop6.jussieu.fr
21415798 pts/2        Tue Oct  1 13:48 - 15:49  (02:01)     87-88-152-215.abo.bbox.fr
21201798 pts/2        Tue Oct  1 13:32 - 13:40  (00:08)     fw-pmc.sorbonne-universite.fr
3800646  pts/0        Tue Oct  1 12:42 - 04:06  (15:23)     100.93.65.81.rev.sfr.net
21304927 pts/0        Tue Oct  1 12:36 - 12:37  (00:01)     139.28.219.67
root     pts/10       Tue Oct  1 11:53 - 11:56  (00:02)     althea.ufr-info-p6.jussieu.fr
28705068 pts/275      Tue Oct  1 11:40 - 11:42  (00:01)     lfbn-idf1-1-427-176.w86-242.abo.wanadoo.fr
28705068 pts/275      Tue Oct  1 11:37 - 11:40  (00:03)     lfbn-idf1-1-427-176.w86-242.abo.wanadoo.fr
21400109 pts/21       Tue Oct  1 11:32 - 14:05  (02:32)     fw-pmc.sorbonne-universite.fr
21104636 pts/274      Tue Oct  1 11:27 - 11:51  (00:24)     37-170-27-202.coucou-networks.fr
28705068 pts/21       Tue Oct  1 11:27 - 11:30  (00:03)     lfbn-idf1-1-427-176.w86-242.abo.wanadoo.fr
21104636 pts/274      Tue Oct  1 11:18 - 11:26  (00:07)     37-170-27-202.coucou-networks.fr
21400109 pts/9        Tue Oct  1 11:18 - 14:05  (02:46)     fw-pmc.sorbonne-universite.fr
28705068 pts/21       Tue Oct  1 11:15 - 11:21  (00:05)     lfbn-idf1-1-427-176.w86-242.abo.wanadoo.fr
21201798 pts/10       Tue Oct  1 11:13 - 11:51  (00:37)     ari-mobile-3.infop6.jussieu.fr
21201798 pts/10       Tue Oct  1 11:12 - 11:12  (00:00)     ari-mobile-3.infop6.jussieu.fr
21201798 pts/10       Tue Oct  1 11:09 - 11:12  (00:02)     ari-mobile-3.infop6.jussieu.fr
21201798 pts/20       Tue Oct  1 11:01 - 13:15  (02:13)     37-170-26-77.coucou-networks.fr
21401438 pts/10       Tue Oct  1 11:01 - 11:05  (00:03)     80.239.186.177
21234701 pts/15       Tue Oct  1 10:52 - 14:02  (03:10)     255.67.136.77.rev.sfr.net
21401438 pts/10       Tue Oct  1 10:48 - 10:57  (00:08)     80.239.186.177
21214135 pts/10       Tue Oct  1 10:44 - 10:44  (00:00)     132.227.124.66
21322043 pts/15       Tue Oct  1 10:09 - 10:11  (00:02)     80.215.195.89
21400109 pts/14       Tue Oct  1 10:07 - 14:05  (03:57)     fw-pmc.sorbonne-universite.fr
3702042  pts/12       Tue Oct  1 10:00 - 12:02  (02:01)     amp80-h04-212-195-229-188.dsl.sta.abo.bbox.fr
21112838 pts/11       Tue Oct  1 10:00 - 12:22  (02:21)     ppti-14-507-02.ufr-info-p6.jussieu.fr
21322043 pts/10       Tue Oct  1 09:59 - 10:11  (00:12)     80.215.195.89
fladenmu pts/9        Tue Oct  1 09:31 - 11:18  (01:47)     postefladenmuller.rsr.lip6.fr
21400109 pts/8        Tue Oct  1 09:16 - 12:18  (03:01)     fw-pmc.sorbonne-universite.fr
21400109 pts/7        Tue Oct  1 09:15 - 12:18  (03:02)     fw-pmc.sorbonne-universite.fr
21112838 pts/13       Tue Oct  1 08:55 - 12:22  (03:26)     ppti-14-507-02.ufr-info-p6.jussieu.fr
21400109 pts/10       Tue Oct  1 08:45 - 08:48  (00:02)     fw-pmc.sorbonne-universite.fr
21100552 pts/5        Tue Oct  1 08:35 - 12:06  (03:31)     ppti-14-507-03.ufr-info-p6.jussieu.fr
21304927 pts/5        Tue Oct  1 08:27 - 08:31  (00:03)     139.28.219.67
28727210 pts/4        Tue Oct  1 08:13 - 12:02  (03:49)     91-175-143-140.subs.proxad.net
28727210 pts/2        Tue Oct  1 08:12 - 12:02  (03:50)     91-175-143-140.subs.proxad.net
28727210 pts/0        Tue Oct  1 08:08 - 12:02  (03:53)     91-175-143-140.subs.proxad.net
21214576 pts/2        Tue Oct  1 00:25 - 00:25  (00:00)     lfbn-idf3-1-43-91.w81-249.abo.wanadoo.fr
21214576 pts/2        Tue Oct  1 00:16 - 00:17  (00:01)     lfbn-idf3-1-43-91.w81-249.abo.wanadoo.fr
21214576 pts/2        Tue Oct  1 00:15 - 00:15  (00:00)     lfbn-idf3-1-43-91.w81-249.abo.wanadoo.fr
21214576 pts/2        Tue Oct  1 00:15 - 00:15  (00:00)     lfbn-idf3-1-43-91.w81-249.abo.wanadoo.fr
21214576 pts/2        Tue Oct  1 00:14 - 00:14  (00:00)     lfbn-idf3-1-43-91.w81-249.abo.wanadoo.fr
21214576 pts/2        Tue Oct  1 00:12 - 00:12  (00:00)     lfbn-idf3-1-43-91.w81-249.abo.wanadoo.fr
21214576 pts/2        Tue Oct  1 00:10 - 00:11  (00:00)     lfbn-idf3-1-43-91.w81-249.abo.wanadoo.fr
21214576 pts/2        Tue Oct  1 00:04 - 00:07  (00:03)     lfbn-idf3-1-43-91.w81-249.abo.wanadoo.fr
21214576 pts/2        Mon Sep 30 23:57 - 00:02  (00:05)     lfbn-idf3-1-43-91.w81-249.abo.wanadoo.fr
21400109 pts/2        Mon Sep 30 22:37 - 22:38  (00:00)     i15-lef01-ix2-212-195-254-221.ft.lns.abo.bbox.fr
21400109 pts/4        Mon Sep 30 22:14 - 22:24  (00:09)     i15-lef01-ix2-212-195-254-221.ft.lns.abo.bbox.fr
21400109 pts/2        Mon Sep 30 22:13 - 22:24  (00:10)     i15-lef01-ix2-212-195-254-221.ft.lns.abo.bbox.fr
21400109 pts/2        Mon Sep 30 22:10 - 22:12  (00:01)     i15-lef01-ix2-212-195-254-221.ft.lns.abo.bbox.fr
21400109 pts/2        Mon Sep 30 21:46 - 21:46  (00:00)     i15-lef01-ix2-212-195-254-221.ft.lns.abo.bbox.fr
21400109 pts/2        Mon Sep 30 21:44 - 21:44  (00:00)     i15-lef01-ix2-212-195-254-221.ft.lns.abo.bbox.fr
28708160 pts/8        Mon Sep 30 21:28 - 21:48  (00:20)     70.13.65.37.rev.sfr.net
21400109 pts/7        Mon Sep 30 21:17 - 22:10  (00:52)     i15-lef01-ix2-212-195-254-221.ft.lns.abo.bbox.fr
21400109 pts/7        Mon Sep 30 21:00 - 21:00  (00:00)     i15-lef01-ix2-212-195-254-221.ft.lns.abo.bbox.fr
21400109 pts/7        Mon Sep 30 21:00 - 21:00  (00:00)     i15-lef01-ix2-212-195-254-221.ft.lns.abo.bbox.fr
21421590 pts/7        Mon Sep 30 20:44 - 20:50  (00:06)     vil93-2_migr-82-66-223-99.fbx.proxad.net
21400109 pts/5        Mon Sep 30 20:24 - 22:25  (02:01)     i15-lef01-ix2-212-195-254-221.ft.lns.abo.bbox.fr
21414767 pts/4        Mon Sep 30 19:49 - 21:51  (02:02)     80.215.109.103
21414767 pts/2        Mon Sep 30 19:40 - 21:43  (02:02)     80.215.109.103
21306028 pts/2        Mon Sep 30 19:03 - 19:39  (00:36)     169.59.65.37.rev.sfr.net
3800646  pts/0        Mon Sep 30 18:42 - 04:17  (09:35)     100.93.65.81.rev.sfr.net
21421590 pts/5        Mon Sep 30 15:37 - 15:45  (00:07)     vil93-2_migr-82-66-223-99.fbx.proxad.net
21400458 pts/4        Mon Sep 30 14:18 - 16:29  (02:11)     fw-pmc.sorbonne-universite.fr
grenard  pts/2        Mon Sep 30 13:48 - 16:01  (02:13)     176-179-22-117.abo.bbox.fr
grenard  pts/0        Mon Sep 30 13:47 - 16:47  (02:59)     176-179-22-117.abo.bbox.fr
21202966 pts/0        Mon Sep 30 13:18 - 13:31  (00:13)     fw-pmc.sorbonne-universite.fr
21402566 pts/0        Mon Sep 30 11:12 - 11:12  (00:00)     80.215.100.127
21202966 pts/0        Mon Sep 30 08:37 - 08:41  (00:04)     fw-pmc.sorbonne-universite.fr
21118889 pts/0        Sun Sep 29 20:03 - 20:14  (00:11)     214.66.136.77.rev.sfr.net
3800646  pts/7        Sun Sep 29 18:15 - 04:08  (09:53)     100.93.65.81.rev.sfr.net
21400109 pts/4        Sun Sep 29 18:05 - 18:19  (00:13)     i15-lef01-ix2-212-195-254-28.ft.lns.abo.bbox.fr
21400109 pts/0        Sun Sep 29 17:57 - 20:01  (02:03)     i15-lef01-ix2-212-195-254-28.ft.lns.abo.bbox.fr
21400109 pts/0        Sun Sep 29 17:57 - 17:57  (00:00)     i15-lef01-ix2-212-195-254-28.ft.lns.abo.bbox.fr
21101825 pts/5        Sun Sep 29 15:53 - 20:06  (04:12)     lfbn-idf3-1-670-155.w86-252.abo.wanadoo.fr
3808150  pts/5        Sun Sep 29 15:20 - 15:42  (00:21)     88-178-35-180.subs.proxad.net
21110908 pts/4        Sun Sep 29 15:12 - 17:13  (02:01)     static-176-175-63-92.ftth.abo.bbox.fr
21110908 pts/2        Sun Sep 29 15:01 - 21:03  (06:02)     static-176-175-63-92.ftth.abo.bbox.fr
21309935 pts/5        Sun Sep 29 14:02 - 14:03  (00:01)     88-183-143-67.subs.proxad.net
21309935 pts/0        Sun Sep 29 13:44 - 16:12  (02:28)     88-183-143-67.subs.proxad.net
21417011 pts/9        Sun Sep 29 13:07 - 13:29  (00:21)     209.199.67.86.rev.sfr.net
1013743  pts/8        Sun Sep 29 12:46 - 13:48  (01:01)     91-173-61-180.subs.proxad.net
1013743  pts/7        Sun Sep 29 12:45 - 13:48  (01:03)     91-173-61-180.subs.proxad.net
1013743  pts/5        Sun Sep 29 12:39 - 13:48  (01:09)     91-173-61-180.subs.proxad.net
21413852 pts/4        Sun Sep 29 10:03 - 14:56  (04:52)     tarentule1.ufr-info-p6.jussieu.fr
21413852 pts/2        Sun Sep 29 09:57 - 14:56  (04:58)     88-171-217-71.subs.proxad.net
21202966 pts/5        Sun Sep 29 01:53 - 04:05  (02:12)     static-176-191-194-24.ftth.abo.bbox.fr
28725256 pts/7        Sun Sep 29 00:53 - 04:01  (03:08)     91-172-215-76.subs.proxad.net
21205158 pts/9        Sat Sep 28 22:53 - 23:04  (00:11)     lfbn-idf1-1-1998-251.w90-127.abo.wanadoo.fr
3808150  pts/8        Sat Sep 28 22:51 - 23:09  (00:17)     88-178-35-180.subs.proxad.net
21301836 pts/8        Sat Sep 28 22:46 - 22:47  (00:01)     37.169.119.31
21301836 pts/8        Sat Sep 28 22:43 - 22:44  (00:00)     37.169.119.31
28708160 pts/8        Sat Sep 28 22:19 - 22:34  (00:14)     70.13.65.37.rev.sfr.net
21301836 pts/7        Sat Sep 28 22:04 - 00:16  (02:11)     37.169.119.31
21301836 pts/7        Sat Sep 28 21:57 - 22:01  (00:04)     37.169.119.31
3800646  pts/5        Sat Sep 28 21:23 - 01:05  (03:41)     100.93.65.81.rev.sfr.net
21402779 pts/5        Sat Sep 28 20:33 - 20:37  (00:03)     77.23.19.93.rev.sfr.net
21400109 pts/5        Sat Sep 28 19:34 - 19:34  (00:00)     i15-lef01-ix2-212-195-254-51.ft.lns.abo.bbox.fr
21400109 pts/5        Sat Sep 28 19:34 - 19:34  (00:00)     i15-lef01-ix2-212-195-254-51.ft.lns.abo.bbox.fr
21400109 pts/5        Sat Sep 28 19:34 - 19:34  (00:00)     i15-lef01-ix2-212-195-254-51.ft.lns.abo.bbox.fr
21400109 pts/5        Sat Sep 28 19:34 - 19:34  (00:00)     i15-lef01-ix2-212-195-254-51.ft.lns.abo.bbox.fr
21400109 pts/5        Sat Sep 28 19:34 - 19:34  (00:00)     i15-lef01-ix2-212-195-254-51.ft.lns.abo.bbox.fr
21400109 pts/5        Sat Sep 28 19:34 - 19:34  (00:00)     i15-lef01-ix2-212-195-254-51.ft.lns.abo.bbox.fr
21400109 pts/5        Sat Sep 28 19:34 - 19:34  (00:00)     i15-lef01-ix2-212-195-254-51.ft.lns.abo.bbox.fr
21400109 pts/5        Sat Sep 28 19:34 - 19:34  (00:00)     i15-lef01-ix2-212-195-254-51.ft.lns.abo.bbox.fr
21400109 pts/5        Sat Sep 28 19:34 - 19:34  (00:00)     i15-lef01-ix2-212-195-254-51.ft.lns.abo.bbox.fr
21400109 pts/5        Sat Sep 28 19:34 - 19:34  (00:00)     i15-lef01-ix2-212-195-254-51.ft.lns.abo.bbox.fr
21400109 pts/5        Sat Sep 28 19:34 - 19:34  (00:00)     i15-lef01-ix2-212-195-254-51.ft.lns.abo.bbox.fr
21400109 pts/5        Sat Sep 28 19:34 - 19:34  (00:00)     i15-lef01-ix2-212-195-254-51.ft.lns.abo.bbox.fr
21400109 pts/5        Sat Sep 28 19:34 - 19:34  (00:00)     i15-lef01-ix2-212-195-254-51.ft.lns.abo.bbox.fr
21400109 pts/5        Sat Sep 28 19:34 - 19:34  (00:00)     i15-lef01-ix2-212-195-254-51.ft.lns.abo.bbox.fr
21400109 pts/5        Sat Sep 28 19:34 - 19:34  (00:00)     i15-lef01-ix2-212-195-254-51.ft.lns.abo.bbox.fr
21400109 pts/5        Sat Sep 28 19:34 - 19:34  (00:00)     i15-lef01-ix2-212-195-254-51.ft.lns.abo.bbox.fr
21400109 pts/5        Sat Sep 28 19:34 - 19:34  (00:00)     i15-lef01-ix2-212-195-254-51.ft.lns.abo.bbox.fr
21400109 pts/5        Sat Sep 28 19:34 - 19:34  (00:00)     i15-lef01-ix2-212-195-254-51.ft.lns.abo.bbox.fr
21400109 pts/5        Sat Sep 28 19:34 - 19:34  (00:00)     i15-lef01-ix2-212-195-254-51.ft.lns.abo.bbox.fr
21400109 pts/5        Sat Sep 28 19:34 - 19:34  (00:00)     i15-lef01-ix2-212-195-254-51.ft.lns.abo.bbox.fr
21400109 pts/5        Sat Sep 28 19:34 - 19:34  (00:00)     i15-lef01-ix2-212-195-254-51.ft.lns.abo.bbox.fr
21400109 pts/5        Sat Sep 28 19:34 - 19:34  (00:00)     i15-lef01-ix2-212-195-254-51.ft.lns.abo.bbox.fr
21400109 pts/5        Sat Sep 28 19:34 - 19:34  (00:00)     i15-lef01-ix2-212-195-254-51.ft.lns.abo.bbox.fr
21400109 pts/5        Sat Sep 28 19:34 - 19:34  (00:00)     i15-lef01-ix2-212-195-254-51.ft.lns.abo.bbox.fr
21400109 pts/5        Sat Sep 28 19:34 - 19:34  (00:00)     i15-lef01-ix2-212-195-254-51.ft.lns.abo.bbox.fr
21400109 pts/5        Sat Sep 28 19:34 - 19:34  (00:00)     i15-lef01-ix2-212-195-254-51.ft.lns.abo.bbox.fr
21400109 pts/5        Sat Sep 28 19:34 - 19:34  (00:00)     i15-lef01-ix2-212-195-254-51.ft.lns.abo.bbox.fr
21400109 pts/5        Sat Sep 28 19:34 - 19:34  (00:00)     i15-lef01-ix2-212-195-254-51.ft.lns.abo.bbox.fr
21400109 pts/5        Sat Sep 28 19:33 - 19:34  (00:00)     i15-lef01-ix2-212-195-254-51.ft.lns.abo.bbox.fr
21306028 pts/5        Sat Sep 28 18:09 - 18:47  (00:37)     169.59.65.37.rev.sfr.net
21306028 pts/5        Sat Sep 28 18:03 - 18:09  (00:06)     169.59.65.37.rev.sfr.net
21103800 pts/5        Sat Sep 28 17:10 - 17:11  (00:00)     88-184-34-205.subs.proxad.net
21103800 pts/5        Sat Sep 28 16:33 - 16:35  (00:02)     88-184-34-205.subs.proxad.net
1013730  pts/0        Sat Sep 28 14:31 - 13:28  (22:56)     88-171-29-89.subs.proxad.net
21202966 pts/0        Sat Sep 28 14:00 - 14:27  (00:26)     static-176-191-194-24.ftth.abo.bbox.fr
21102028 pts/9        Sat Sep 28 13:15 - 13:25  (00:10)     lfbn-idf3-1-462-211.w83-114.abo.wanadoo.fr
21102028 pts/9        Sat Sep 28 13:14 - 13:14  (00:00)     lfbn-idf3-1-462-211.w83-114.abo.wanadoo.fr
21102028 pts/8        Sat Sep 28 13:13 - 13:25  (00:11)     lfbn-idf3-1-462-211.w83-114.abo.wanadoo.fr
21102028 pts/8        Sat Sep 28 13:12 - 13:13  (00:01)     lfbn-idf3-1-462-211.w83-114.abo.wanadoo.fr
21102028 pts/7        Sat Sep 28 13:04 - 13:25  (00:20)     lfbn-idf3-1-462-211.w83-114.abo.wanadoo.fr
1013737  pts/5        Sat Sep 28 13:03 - 15:21  (02:18)     88-171-29-89.subs.proxad.net
1013737  pts/4        Sat Sep 28 13:03 - 02:15  (13:12)     88-171-29-89.subs.proxad.net
1013737  pts/2        Sat Sep 28 13:02 - 02:18  (13:15)     88-171-29-89.subs.proxad.net
21225826 pts/2        Sat Sep 28 10:42 - 10:46  (00:03)     25.61.65.37.rev.sfr.net
28602054 pts/0        Sat Sep 28 10:37 - 13:30  (02:52)     fer91-4_migr-78-199-216-192.fbx.proxad.net
28631628 pts/0        Fri Sep 27 22:05 - 22:06  (00:00)     tarentule1.ufr-info-p6.jussieu.fr
28631628 pts/5        Fri Sep 27 22:00 - 22:06  (00:06)     lfbn-idf2-1-1134-210.w90-92.abo.wanadoo.fr
21205158 pts/5        Fri Sep 27 21:43 - 21:47  (00:03)     lfbn-idf1-1-1998-251.w90-127.abo.wanadoo.fr
28510854 pts/4        Fri Sep 27 21:30 - 22:20  (00:50)     cri75-3-78-192-79-75.fbxo.proxad.net
21225826 pts/0        Fri Sep 27 21:22 - 22:02  (00:40)     25.61.65.37.rev.sfr.net
cadinot  pts/0        Fri Sep 27 20:50 - 20:55  (00:05)     ppti-24-301-11.ufr-info-p6.jussieu.fr
1013737  pts/0        Fri Sep 27 18:18 - 18:20  (00:02)     88-171-29-89.subs.proxad.net
21109004 pts/5        Fri Sep 27 16:38 - 16:38  (00:00)     ppti-24-306-01.ufr-info-p6.jussieu.fr
21109004 pts/5        Fri Sep 27 16:28 - 16:29  (00:00)     ppti-24-306-01.ufr-info-p6.jussieu.fr
pagliari pts/11       Fri Sep 27 16:03 - 16:05  (00:02)     sporkkrool.rsr.lip6.fr
21109004 pts/10       Fri Sep 27 15:55 - 18:02  (02:07)     ppti-24-306-01.ufr-info-p6.jussieu.fr
21221424 pts/9        Fri Sep 27 15:53 - 18:10  (02:16)     151.250.133.77.rev.sfr.net
21109004 pts/8        Fri Sep 27 15:44 - 16:23  (00:38)     ppti-24-306-01.ufr-info-p6.jussieu.fr
3800646  pts/2        Fri Sep 27 15:38 - 22:42  (07:03)     100.93.65.81.rev.sfr.net
21319143 pts/0        Fri Sep 27 15:23 - 17:37  (02:14)     160.88.156.89.rev.sfr.net
21104859 pts/8        Fri Sep 27 15:13 - 15:16  (00:02)     vai02-1_migr-78-202-252-128.fbx.proxad.net
21221424 pts/7        Fri Sep 27 15:02 - 18:00  (02:58)     76.87.95.79.rev.sfr.net
21319143 pts/0        Fri Sep 27 14:49 - 15:17  (00:27)     160.88.156.89.rev.sfr.net
21417802 pts/5        Fri Sep 27 14:48 - 16:28  (01:40)     ppti-24-306-04.ufr-info-p6.jussieu.fr
1013737  pts/4        Fri Sep 27 14:46 - 17:07  (02:21)     37.174.141.125
21400332 pts/4        Fri Sep 27 14:41 - 14:45  (00:04)     fw-pmc.sorbonne-universite.fr
21410685 pts/2        Fri Sep 27 14:40 - 15:28  (00:47)     ppti-24-306-05.ufr-info-p6.jussieu.fr
21221424 pts/0        Fri Sep 27 14:37 - 14:49  (00:11)     76.87.95.79.rev.sfr.net
1013737  pts/0        Fri Sep 27 14:30 - 14:32  (00:02)     eys33-4_migr-78-242-2-109.fbx.proxad.net
21112838 pts/0        Fri Sep 27 14:25 - 14:27  (00:01)     188.66.136.77.rev.sfr.net
1013737  pts/5        Fri Sep 27 14:19 - 14:29  (00:09)     eys33-4_migr-78-242-2-109.fbx.proxad.net
21307753 pts/4        Fri Sep 27 14:18 - 14:23  (00:04)     88-171-233-72.subs.proxad.net
21101206 pts/0        Fri Sep 27 14:18 - 14:24  (00:06)     ppti-24-301-07.ufr-info-p6.jussieu.fr
21410685 pts/2        Fri Sep 27 13:49 - 14:40  (00:50)     ppti-24-306-05.ufr-info-p6.jussieu.fr
21419196 pts/0        Fri Sep 27 13:32 - 14:04  (00:32)     cust-west-par-46-193-4-70.cust.wifirst.net
21113417 pts/0        Fri Sep 27 12:26 - 12:29  (00:03)     lfbn-idf1-1-2056-96.w90-127.abo.wanadoo.fr
21105329 pts/2        Fri Sep 27 11:38 - 11:38  (00:00)     static-176-165-17-251.ftth.abo.bbox.fr
21410685 pts/0        Fri Sep 27 11:00 - 12:04  (01:04)     ppti-14-408-15.ufr-info-p6.jussieu.fr
baynat   pts/0        Fri Sep 27 09:24 - 09:50  (00:25)     91-167-198-192.subs.proxad.net
21415798 pts/2        Thu Sep 26 23:25 - 23:36  (00:10)     87-88-154-225.abo.bbox.fr
21415798 pts/2        Thu Sep 26 23:00 - 23:07  (00:06)     87-88-154-225.abo.bbox.fr
21415798 pts/2        Thu Sep 26 22:50 - 22:55  (00:04)     87-88-154-225.abo.bbox.fr
21415798 pts/2        Thu Sep 26 22:36 - 22:39  (00:02)     87-88-154-225.abo.bbox.fr
21307356 pts/2        Thu Sep 26 20:09 - 22:22  (02:12)     122.57.140.77.rev.sfr.net
21315461 pts/4        Thu Sep 26 19:25 - 19:35  (00:10)     lfbn-idf2-1-865-155.w86-247.abo.wanadoo.fr
21205158 pts/2        Thu Sep 26 19:06 - 19:40  (00:34)     lfbn-idf1-1-1998-251.w90-127.abo.wanadoo.fr
21212532 pts/4        Thu Sep 26 18:27 - 18:57  (00:30)     91-169-220-194.subs.proxad.net
21212532 pts/5        Thu Sep 26 18:03 - 20:31  (02:27)     91-169-220-194.subs.proxad.net
21305392 pts/11       Thu Sep 26 17:52 - 18:02  (00:10)     104.249.133.77.rev.sfr.net
21212532 pts/10       Thu Sep 26 17:40 - 19:59  (02:18)     91-169-220-194.subs.proxad.net
28714617 pts/10       Thu Sep 26 17:16 - 17:24  (00:08)     ppti-14-401-15.ufr-info-p6.jussieu.fr
28706765 pts/9        Thu Sep 26 17:15 - 19:31  (02:16)     sab85-2_migr-78-242-161-221.fbx.proxad.net
21305800 pts/7        Thu Sep 26 17:13 - 18:03  (00:49)     fw-pmc.sorbonne-universite.fr
21313080 pts/9        Thu Sep 26 16:51 - 16:51  (00:00)     227.67.136.77.rev.sfr.net
21313080 pts/9        Thu Sep 26 16:47 - 16:49  (00:01)     227.67.136.77.rev.sfr.net
21313080 pts/9        Thu Sep 26 16:46 - 16:47  (00:00)     227.67.136.77.rev.sfr.net
21313080 pts/9        Thu Sep 26 16:45 - 16:46  (00:01)     227.67.136.77.rev.sfr.net
21313080 pts/9        Thu Sep 26 16:41 - 16:44  (00:03)     227.67.136.77.rev.sfr.net
21313080 pts/9        Thu Sep 26 16:15 - 16:41  (00:26)     227.67.136.77.rev.sfr.net
28602815 pts/5        Thu Sep 26 16:13 - 18:02  (01:49)     fw-pmc.sorbonne-universite.fr
21320115 pts/4        Thu Sep 26 16:07 - 18:03  (01:56)     fw-pmc.sorbonne-universite.fr
28602815 pts/4        Thu Sep 26 15:50 - 15:50  (00:00)     fw-pmc.sorbonne-universite.fr
21320115 pts/8        Thu Sep 26 15:24 - 18:03  (02:38)     137.66.136.77.rev.sfr.net
21313080 pts/8        Thu Sep 26 14:39 - 15:17  (00:38)     203.66.136.77.rev.sfr.net
28602815 pts/12       Thu Sep 26 13:59 - 15:48  (01:49)     fw-pmc.sorbonne-universite.fr
28706765 pts/10       Thu Sep 26 13:54 - 14:00  (00:05)     sab85-2_migr-78-242-161-221.fbx.proxad.net
28510854 pts/11       Thu Sep 26 13:53 - 14:08  (00:14)     ppti-14-401-09.ufr-info-p6.jussieu.fr
21321221 pts/10       Thu Sep 26 13:53 - 13:54  (00:00)     37-174-29-182.coucou-networks.fr
21305800 pts/9        Thu Sep 26 13:51 - 16:04  (02:13)     fw-pmc.sorbonne-universite.fr
21313080 pts/8        Thu Sep 26 13:49 - 14:08  (00:18)     203.66.136.77.rev.sfr.net
21313080 pts/8        Thu Sep 26 13:49 - 13:49  (00:00)     203.66.136.77.rev.sfr.net
21320115 pts/7        Thu Sep 26 13:47 - 17:08  (03:21)     66.67.136.77.rev.sfr.net
21320115 pts/7        Thu Sep 26 13:42 - 13:46  (00:03)     66.67.136.77.rev.sfr.net
21305392 pts/2        Thu Sep 26 13:40 - 18:53  (05:12)     104.249.133.77.rev.sfr.net
21105974 pts/5        Thu Sep 26 13:26 - 15:38  (02:12)     92-184-119-16.mobile.fr.orangecustomers.net
21105974 pts/4        Thu Sep 26 13:24 - 15:36  (02:12)     92-184-119-17.mobile.fr.orangecustomers.net
21313080 pts/4        Thu Sep 26 13:21 - 13:24  (00:02)     203.66.136.77.rev.sfr.net
21313080 pts/4        Thu Sep 26 13:13 - 13:19  (00:06)     203.66.136.77.rev.sfr.net
21313080 pts/4        Thu Sep 26 13:08 - 13:12  (00:03)     203.66.136.77.rev.sfr.net
21313080 pts/4        Thu Sep 26 13:04 - 13:06  (00:01)     203.66.136.77.rev.sfr.net
21313080 pts/4        Thu Sep 26 12:57 - 13:00  (00:02)     203.66.136.77.rev.sfr.net
21410147 pts/4        Thu Sep 26 11:56 - 11:56  (00:00)     antalya.ufr-info-p6.jussieu.fr
21220159 pts/2        Thu Sep 26 10:48 - 13:34  (02:45)     fw-pmc.sorbonne-universite.fr
28722336 pts/2        Thu Sep 26 10:06 - 10:11  (00:04)     80.215.175.15
21212622 pts/2        Thu Sep 26 08:41 - 08:41  (00:00)     fw-pmc.sorbonne-universite.fr
28712378 pts/2        Thu Sep 26 01:59 - 02:05  (00:06)     lig44-1_migr-78-201-229-93.fbx.proxad.net
28712378 pts/2        Thu Sep 26 01:52 - 01:54  (00:01)     lig44-1_migr-78-201-229-93.fbx.proxad.net
28712378 pts/2        Thu Sep 26 01:45 - 01:50  (00:04)     lig44-1_migr-78-201-229-93.fbx.proxad.net
28712378 pts/2        Thu Sep 26 01:38 - 01:43  (00:04)     lig44-1_migr-78-201-229-93.fbx.proxad.net
28712378 pts/2        Thu Sep 26 01:17 - 01:26  (00:08)     lig44-1_migr-78-201-229-93.fbx.proxad.net
28712378 pts/2        Thu Sep 26 01:14 - 01:15  (00:01)     lig44-1_migr-78-201-229-93.fbx.proxad.net
3800646  pts/0        Thu Sep 26 01:00 - 04:12 (1+03:12)    100.93.65.81.rev.sfr.net
3800646  pts/2        Wed Sep 25 23:59 - 00:59  (01:00)     100.93.65.81.rev.sfr.net
28722336 pts/2        Wed Sep 25 23:05 - 23:05  (00:00)     cust-west-par-46-193-1-203.cust.wifirst.net
28722336 pts/2        Wed Sep 25 23:02 - 23:05  (00:02)     cust-west-par-46-193-1-203.cust.wifirst.net
28722336 pts/4        Wed Sep 25 22:59 - 23:01  (00:01)     cust-west-par-46-193-1-203.cust.wifirst.net
28722336 pts/14       Wed Sep 25 22:55 - 22:55  (00:00)     cust-west-par-46-193-1-203.cust.wifirst.net
28722336 pts/8        Wed Sep 25 22:55 - 22:55  (00:00)     cust-west-par-46-193-1-203.cust.wifirst.net
28722336 pts/4        Wed Sep 25 22:55 - 22:58  (00:03)     cust-west-par-46-193-1-203.cust.wifirst.net
28722336 pts/14       Wed Sep 25 22:52 - 22:52  (00:00)     cust-west-par-46-193-1-203.cust.wifirst.net
28722336 pts/8        Wed Sep 25 22:52 - 22:52  (00:00)     cust-west-par-46-193-1-203.cust.wifirst.net
28722336 pts/4        Wed Sep 25 22:52 - 22:55  (00:02)     cust-west-par-46-193-1-203.cust.wifirst.net
28722336 pts/4        Wed Sep 25 22:34 - 22:52  (00:18)     cust-west-par-46-193-1-203.cust.wifirst.net
28722336 pts/15       Wed Sep 25 22:31 - 22:31  (00:00)     cust-west-par-46-193-1-203.cust.wifirst.net
28722336 pts/14       Wed Sep 25 22:31 - 22:31  (00:00)     cust-west-par-46-193-1-203.cust.wifirst.net
28722336 pts/4        Wed Sep 25 22:31 - 22:31  (00:00)     cust-west-par-46-193-1-203.cust.wifirst.net
28722336 pts/4        Wed Sep 25 22:30 - 22:31  (00:00)     cust-west-par-46-193-1-203.cust.wifirst.net
21225826 pts/0        Wed Sep 25 22:20 - 00:49  (02:28)     25.61.65.37.rev.sfr.net
21110908 pts/13       Wed Sep 25 22:11 - 22:57  (00:46)     static-176-175-63-92.ftth.abo.bbox.fr
21316887 pts/8        Wed Sep 25 22:04 - 22:37  (00:33)     car75-11_migr-78-243-184-115.fbx.proxad.net
21110908 pts/13       Wed Sep 25 22:00 - 22:08  (00:08)     static-176-175-63-92.ftth.abo.bbox.fr
21316887 pts/12       Wed Sep 25 21:43 - 00:02  (02:18)     car75-11_migr-78-243-184-115.fbx.proxad.net
21220159 pts/11       Wed Sep 25 21:31 - 00:14  (02:42)     88-160-66-208.subs.proxad.net
28722336 pts/10       Wed Sep 25 21:25 - 23:05  (01:40)     cust-west-par-46-193-1-203.cust.wifirst.net
21220159 pts/9        Wed Sep 25 21:19 - 23:38  (02:18)     88-160-66-208.subs.proxad.net
21316887 pts/7        Wed Sep 25 21:12 - 23:28  (02:15)     car75-11_migr-78-243-184-115.fbx.proxad.net
21220159 pts/5        Wed Sep 25 20:44 - 23:31  (02:46)     88-160-66-208.subs.proxad.net
28722336 pts/4        Wed Sep 25 20:41 - 22:29  (01:48)     cust-west-par-46-193-1-203.cust.wifirst.net
21212622 pts/4        Wed Sep 25 20:35 - 20:35  (00:00)     176-163-187-215.abo.bbox.fr
21316887 pts/2        Wed Sep 25 20:32 - 23:02  (02:29)     bre70-2_XX-78-243-4-72.fbx.proxad.net
21316887 pts/0        Wed Sep 25 19:59 - 22:13  (02:14)     bre70-2_XX-78-243-4-72.fbx.proxad.net
21315506 pts/4        Wed Sep 25 19:06 - 19:13  (00:07)     67.99.113.78.rev.sfr.net
root     pts/5        Wed Sep 25 18:32 - 19:13  (00:40)     althea.ufr-info-p6.jussieu.fr
21212622 pts/5        Wed Sep 25 17:32 - 17:32  (00:00)     fw-pmc.sorbonne-universite.fr
21212622 pts/5        Wed Sep 25 17:31 - 17:31  (00:00)     fw-pmc.sorbonne-universite.fr
21212622 pts/9        Wed Sep 25 17:26 - 17:26  (00:00)     fw-pmc.sorbonne-universite.fr
21212622 pts/9        Wed Sep 25 17:20 - 17:22  (00:02)     fw-pmc.sorbonne-universite.fr
21212622 pts/9        Wed Sep 25 17:16 - 17:17  (00:01)     fw-pmc.sorbonne-universite.fr
3800646  pts/8        Wed Sep 25 17:15 - 22:04  (04:49)     100.93.65.81.rev.sfr.net
bernarde pts/2        Wed Sep 25 17:09 - 19:22  (02:12)     fw-pmc.sorbonne-universite.fr
21220159 pts/0        Wed Sep 25 16:53 - 19:06  (02:13)     fw-pmc.sorbonne-universite.fr
28722336 pts/4        Wed Sep 25 16:45 - 18:51  (02:06)     80.215.5.130
21114380 pts/0        Wed Sep 25 16:37 - 16:52  (00:15)     fw-pmc.sorbonne-universite.fr
28722336 pts/9        Wed Sep 25 16:17 - 16:18  (00:00)     80.215.5.130
28722336 pts/9        Wed Sep 25 16:17 - 16:17  (00:00)     80.215.5.130
28722336 pts/9        Wed Sep 25 16:12 - 16:13  (00:00)     80.215.5.130
28722336 pts/10       Wed Sep 25 16:12 - 16:12  (00:00)     80.215.5.130
28708078 pts/9        Wed Sep 25 16:11 - 16:12  (00:01)     fw-pmc.sorbonne-universite.fr
21220159 pts/8        Wed Sep 25 16:03 - 16:18  (00:15)     fw-pmc.sorbonne-universite.fr
21220159 pts/8        Wed Sep 25 15:56 - 16:02  (00:06)     fw-pmc.sorbonne-universite.fr
28722336 pts/4        Wed Sep 25 15:50 - 16:18  (00:28)     80.215.5.130
28722336 pts/8        Wed Sep 25 15:38 - 15:50  (00:12)     80.215.5.130
nguyentr pts/7        Wed Sep 25 15:33 - 17:46  (02:13)     242.64.6.93.rev.sfr.net
28722336 pts/5        Wed Sep 25 14:54 - 17:30  (02:36)     80.215.5.130
28722336 pts/4        Wed Sep 25 14:34 - 15:50  (01:15)     80.215.5.130
3800646  pts/2        Wed Sep 25 14:27 - 17:05  (02:37)     100.93.65.81.rev.sfr.net
28722336 pts/0        Wed Sep 25 14:13 - 16:27  (02:13)     80.215.5.130
28722336 pts/0        Wed Sep 25 14:13 - 14:13  (00:00)     80.215.5.130
28722336 pts/0        Wed Sep 25 14:11 - 14:12  (00:00)     80.215.5.130
root     pts/4        Wed Sep 25 13:08 - 13:23  (00:14)     althea.ufr-info-p6.jussieu.fr
21400967 pts/7        Wed Sep 25 12:24 - 14:40  (02:16)     fw-pmc.sorbonne-universite.fr
28722336 pts/10       Wed Sep 25 12:14 - 12:14  (00:00)     80.215.3.2
28722336 pts/10       Wed Sep 25 12:13 - 12:14  (00:01)     80.215.3.2
28722336 pts/10       Wed Sep 25 12:12 - 12:12  (00:00)     80.215.3.2
28722336 pts/10       Wed Sep 25 12:09 - 12:12  (00:02)     80.215.3.2
28722336 pts/9        Wed Sep 25 12:02 - 14:05  (02:02)     80.215.3.2
28722336 pts/9        Wed Sep 25 12:01 - 12:02  (00:00)     80.215.3.2
28722336 pts/9        Wed Sep 25 12:00 - 12:00  (00:00)     80.215.3.2
28722336 pts/9        Wed Sep 25 11:57 - 11:58  (00:00)     80.215.3.2
28722336 pts/9        Wed Sep 25 11:52 - 11:52  (00:00)     80.215.3.2
28722336 pts/8        Wed Sep 25 11:52 - 13:53  (02:01)     80.215.3.2
28722336 pts/8        Wed Sep 25 11:50 - 11:50  (00:00)     80.215.3.2
28722336 pts/8        Wed Sep 25 11:47 - 11:47  (00:00)     80.215.3.2
28722336 pts/10       Wed Sep 25 11:47 - 11:47  (00:00)     80.215.3.2
28722336 pts/9        Wed Sep 25 11:47 - 11:47  (00:00)     80.215.3.2
28722336 pts/8        Wed Sep 25 11:47 - 11:47  (00:00)     80.215.3.2
28722336 pts/11       Wed Sep 25 11:39 - 11:39  (00:00)     80.215.3.2
28722336 pts/10       Wed Sep 25 11:39 - 11:39  (00:00)     80.215.3.2
28722336 pts/9        Wed Sep 25 11:39 - 11:39  (00:00)     80.215.3.2
28722336 pts/8        Wed Sep 25 11:36 - 11:36  (00:00)     80.215.3.2
28722336 pts/2        Wed Sep 25 11:35 - 14:17  (02:42)     80.215.3.2
28722336 pts/10       Wed Sep 25 11:13 - 11:14  (00:01)     80.215.3.2
28722336 pts/8        Wed Sep 25 11:08 - 11:18  (00:10)     80.215.3.2
21410175 pts/9        Wed Sep 25 11:00 - 11:29  (00:28)     fw-pmc.sorbonne-universite.fr
21316887 pts/8        Wed Sep 25 11:00 - 11:05  (00:05)     fw-pmc.sorbonne-universite.fr
21400013 pts/2        Wed Sep 25 10:52 - 11:29  (00:36)     fw-pmc.sorbonne-universite.fr
21400013 pts/8        Wed Sep 25 10:29 - 10:52  (00:22)     fw-pmc.sorbonne-universite.fr
21132666 pts/0        Wed Sep 25 10:13 - 13:10  (02:56)     fw-pmc.sorbonne-universite.fr
21304625 pts/7        Wed Sep 25 10:07 - 12:23  (02:16)     fw-pmc.sorbonne-universite.fr
21309062 pts/8        Wed Sep 25 10:01 - 10:12  (00:10)     fw-pmc.sorbonne-universite.fr
21304625 pts/7        Wed Sep 25 09:56 - 10:07  (00:10)     fw-pmc.sorbonne-universite.fr
21309062 pts/7        Wed Sep 25 09:55 - 09:55  (00:00)     fw-pmc.sorbonne-universite.fr
21132666 pts/5        Wed Sep 25 09:37 - 12:24  (02:47)     fw-pmc.sorbonne-universite.fr
21132666 pts/5        Wed Sep 25 09:37 - 09:37  (00:00)     fw-pmc.sorbonne-universite.fr
21132666 pts/4        Wed Sep 25 09:35 - 12:37  (03:02)     fw-pmc.sorbonne-universite.fr
21132666 pts/2        Wed Sep 25 09:33 - 10:43  (01:10)     fw-pmc.sorbonne-universite.fr
21316185 pts/0        Wed Sep 25 09:24 - 10:11  (00:47)     fw-pmc.sorbonne-universite.fr
21103270 pts/5        Wed Sep 25 08:15 - 08:33  (00:17)     82-64-1-240.subs.proxad.net
21103270 pts/4        Wed Sep 25 08:15 - 08:32  (00:17)     82-64-1-240.subs.proxad.net
21103270 pts/2        Wed Sep 25 08:15 - 08:33  (00:18)     82-64-1-240.subs.proxad.net
21103270 pts/0        Wed Sep 25 08:11 - 08:33  (00:22)     82-64-1-240.subs.proxad.net

wtmp commence Wed Sep 25 01:54:36 2024
